2026-06-20 09:22:17.572 [main] INFO  c.e.a.AuthSystemApplication - Starting AuthSystemApplication using Java 21.0.11 with PID 30160 (C:\Users\hp\Desktop\Ei Khaing Soe\auth-system\auth-system\target\classes started by hp in C:\Users\hp\Desktop\Ei Khaing Soe\auth-system)
2026-06-20 09:22:17.572 [main] DEBUG c.e.a.AuthSystemApplication - Running with Spring Boot v3.2.0, Spring v6.1.1
2026-06-20 09:22:17.581 [main] INFO  c.e.a.AuthSystemApplication - No active profile set, falling back to 1 default profile: "default"
2026-06-20 09:22:18.454 [main] INFO  o.s.d.r.c.RepositoryConfigurationDelegate - Bootstrapping Spring Data JPA repositories in DEFAULT mode.
2026-06-20 09:22:18.538 [main] INFO  o.s.d.r.c.RepositoryConfigurationDelegate - Finished Spring Data repository scanning in 76 ms. Found 7 JPA repository interfaces.
2026-06-20 09:22:19.387 [main] INFO  o.s.b.w.e.tomcat.TomcatWebServer - Tomcat initialized with port 8080 (http)
2026-06-20 09:22:19.408 [main] INFO  o.a.catalina.core.StandardService - Starting service [Tomcat]
2026-06-20 09:22:19.408 [main] INFO  o.a.catalina.core.StandardEngine - Starting Servlet engine: [Apache Tomcat/10.1.16]
2026-06-20 09:22:19.572 [main] INFO  o.a.c.c.C.[Tomcat].[localhost].[/] - Initializing Spring embedded WebApplicationContext
2026-06-20 09:22:19.572 [main] INFO  o.s.b.w.s.c.ServletWebServerApplicationContext - Root WebApplicationContext: initialization completed in 1949 ms
2026-06-20 09:22:19.686 [main] INFO  com.zaxxer.hikari.HikariDataSource - HikariPool-1 - Starting...
2026-06-20 09:22:19.964 [main] INFO  com.zaxxer.hikari.pool.HikariPool - HikariPool-1 - Added connection org.postgresql.jdbc.PgConnection@4702e7a5
2026-06-20 09:22:19.966 [main] INFO  com.zaxxer.hikari.HikariDataSource - HikariPool-1 - Start completed.
2026-06-20 09:22:20.100 [main] INFO  o.f.c.i.s.classpath.ClassPathScanner - Flyway OSS Edition 10.0.0 by Redgate
2026-06-20 09:22:20.100 [main] INFO  o.f.c.i.s.classpath.ClassPathScanner - 
2026-06-20 09:22:20.100 [main] INFO  o.f.c.i.s.classpath.ClassPathScanner - See release notes here: https://rd.gt/416ObMi
2026-06-20 09:22:20.126 [main] INFO  org.flywaydb.core.FlywayExecutor - Database: jdbc:postgresql://localhost:5432/auth-db (PostgreSQL 18.4)
2026-06-20 09:22:20.130 [main] WARN  o.f.c.i.database.base.Database - Flyway upgrade recommended: PostgreSQL 18.4 is newer than this version of Flyway and support has not been tested. The latest supported version of PostgreSQL is 15.
2026-06-20 09:22:20.221 [main] INFO  o.f.core.internal.command.DbValidate - Successfully validated 25 migrations (execution time 00:00.071s)
2026-06-20 09:22:20.237 [main] INFO  o.f.core.internal.command.DbMigrate - Current version of schema "public": 25
2026-06-20 09:22:20.243 [main] INFO  o.f.core.internal.command.DbMigrate - Schema "public" is up to date. No migration necessary.
2026-06-20 09:22:20.351 [main] INFO  o.h.jpa.internal.util.LogHelper - HHH000204: Processing PersistenceUnitInfo [name: default]
2026-06-20 09:22:20.425 [main] INFO  org.hibernate.Version - HHH000412: Hibernate ORM core version 6.3.1.Final
2026-06-20 09:22:20.488 [main] INFO  o.h.c.i.RegionFactoryInitiator - HHH000026: Second-level cache disabled
2026-06-20 09:22:20.732 [main] INFO  o.s.o.j.p.SpringPersistenceUnitInfo - No LoadTimeWeaver setup: ignoring JPA class transformer
2026-06-20 09:22:21.531 [main] INFO  o.h.e.t.j.p.i.JtaPlatformInitiator - HHH000489: No JTA platform available (set 'hibernate.transaction.jta.platform' to enable JTA platform integration)
2026-06-20 09:22:21.531 [main] INFO  o.s.o.j.LocalContainerEntityManagerFactoryBean - Initialized JPA EntityManagerFactory for persistence unit 'default'
2026-06-20 09:22:21.842 [main] INFO  o.s.d.j.r.query.QueryEnhancerFactory - Hibernate is in classpath; If applicable, HQL parser will be used.
2026-06-20 09:22:22.324 [main] DEBUG c.e.a.a.s.JwtAuthenticationFilter - Filter 'jwtAuthenticationFilter' configured for use
2026-06-20 09:22:22.887 [main] WARN  o.s.b.a.o.j.JpaBaseConfiguration$JpaWebConfiguration - spring.jpa.open-in-view is enabled by default. Therefore, database queries may be performed during view rendering. Explicitly configure spring.jpa.open-in-view to disable this warning
2026-06-20 09:22:23.250 [main] INFO  o.s.s.web.DefaultSecurityFilterChain - Will secure any request with [org.springframework.security.web.session.DisableEncodeUrlFilter@5e8ec0d9, org.springframework.security.web.context.request.async.WebAsyncManagerIntegrationFilter@1a7f6678, org.springframework.security.web.context.SecurityContextHolderFilter@55704859, org.springframework.security.web.header.HeaderWriterFilter@385ff04e, org.springframework.security.web.authentication.logout.LogoutFilter@2324e26c, com.example.auth_system.auth.security.JwtAuthenticationFilter@6df8131c, org.springframework.security.web.savedrequest.RequestCacheAwareFilter@5e388a77, org.springframework.security.web.servletapi.SecurityContextHolderAwareRequestFilter@24a29d8, org.springframework.security.web.authentication.AnonymousAuthenticationFilter@3b47178c, org.springframework.security.web.session.SessionManagementFilter@400c0d26, org.springframework.security.web.access.ExceptionTranslationFilter@6565691a, org.springframework.security.web.access.intercept.AuthorizationFilter@52f2d8e8]
2026-06-20 09:22:23.675 [main] INFO  o.s.b.w.e.tomcat.TomcatWebServer - Tomcat started on port 8080 (http) with context path ''
2026-06-20 09:22:23.685 [main] INFO  c.e.a.AuthSystemApplication - Started AuthSystemApplication in 6.508 seconds (process running for 7.152)
2026-06-20 09:22:23.769 [main] DEBUG org.hibernate.SQL - 
    select
        u1_0.id,
        u1_0.created_at,
        u1_0.email,
        u1_0.email_verified,
        u1_0.enabled,
        u1_0.first_name,
        u1_0.last_login_at,
        u1_0.last_name,
        u1_0.password,
        u1_0.store_id,
        u1_0.updated_at,
        u1_0.username 
    from
        users u1_0 
    where
        u1_0.email=?
2026-06-20 09:22:23.790 [main] DEBUG org.hibernate.SQL - 
    select
        r1_0.user_id,
        r1_1.id,
        r1_1.name,
        p1_0.role_id,
        p1_1.id,
        p1_1.created_at,
        p1_1.description,
        p1_1.name 
    from
        user_roles r1_0 
    join
        roles r1_1 
            on r1_1.id=r1_0.role_id 
    left join
        (role_permissions p1_0 
    join
        permissions p1_1 
            on p1_1.id=p1_0.permission_id) 
        on r1_1.id=p1_0.role_id 
    where
        r1_0.user_id=?
2026-06-20 09:22:23.804 [main] DEBUG org.hibernate.SQL - 
    select
        p1_0.role_id,
        p1_1.id,
        p1_1.created_at,
        p1_1.description,
        p1_1.name 
    from
        role_permissions p1_0 
    join
        permissions p1_1 
            on p1_1.id=p1_0.permission_id 
    where
        p1_0.role_id=?
2026-06-20 09:59:47.615 [http-nio-8080-exec-3] INFO  o.a.c.c.C.[Tomcat].[localhost].[/] - Initializing Spring DispatcherServlet 'dispatcherServlet'
2026-06-20 09:59:47.616 [http-nio-8080-exec-3] INFO  o.s.web.servlet.DispatcherServlet - Initializing Servlet 'dispatcherServlet'
2026-06-20 09:59:47.618 [http-nio-8080-exec-3] INFO  o.s.web.servlet.DispatcherServlet - Completed initialization in 2 ms
2026-06-20 09:59:47.629 [http-nio-8080-exec-3] WARN  o.s.w.s.h.HandlerMappingIntrospector - Cache miss for REQUEST dispatch to '/api/auth/login' (previous null). Performing MatchableHandlerMapping lookup. This is logged once only at WARN level, and every time at TRACE.
2026-06-20 09:59:47.729 [http-nio-8080-exec-3] INFO  c.e.a.auth.controller.AuthController - 🔐 POST /api/auth/login - Email: admin@gmail.com
2026-06-20 09:59:47.731 [http-nio-8080-exec-3] INFO  c.e.a.auth.service.AuthServiceImpl - Login attempt for email: admin@gmail.com
2026-06-20 09:59:47.735 [http-nio-8080-exec-3] DEBUG org.hibernate.SQL - 
    select
        u1_0.id,
        u1_0.created_at,
        u1_0.email,
        u1_0.email_verified,
        u1_0.enabled,
        u1_0.first_name,
        u1_0.last_login_at,
        u1_0.last_name,
        u1_0.password,
        u1_0.store_id,
        u1_0.updated_at,
        u1_0.username 
    from
        users u1_0 
    where
        u1_0.email=?
2026-06-20 09:59:47.740 [http-nio-8080-exec-3] DEBUG org.hibernate.SQL - 
    select
        r1_0.user_id,
        r1_1.id,
        r1_1.name,
        p1_0.role_id,
        p1_1.id,
        p1_1.created_at,
        p1_1.description,
        p1_1.name 
    from
        user_roles r1_0 
    join
        roles r1_1 
            on r1_1.id=r1_0.role_id 
    left join
        (role_permissions p1_0 
    join
        permissions p1_1 
            on p1_1.id=p1_0.permission_id) 
        on r1_1.id=p1_0.role_id 
    where
        r1_0.user_id=?
2026-06-20 09:59:47.751 [http-nio-8080-exec-3] DEBUG org.hibernate.SQL - 
    select
        p1_0.role_id,
        p1_1.id,
        p1_1.created_at,
        p1_1.description,
        p1_1.name 
    from
        role_permissions p1_0 
    join
        permissions p1_1 
            on p1_1.id=p1_0.permission_id 
    where
        p1_0.role_id=?
2026-06-20 09:59:47.909 [http-nio-8080-exec-3] DEBUG org.hibernate.SQL - 
    update
        users 
    set
        email=?,
        email_verified=?,
        enabled=?,
        first_name=?,
        last_login_at=?,
        last_name=?,
        password=?,
        store_id=?,
        updated_at=?,
        username=? 
    where
        id=?
2026-06-20 09:59:47.914 [http-nio-8080-exec-3] INFO  c.e.a.auth.service.AuthServiceImpl - User logged in successfully: admin@gmail.com
2026-06-20 10:03:35.531 [http-nio-8080-exec-6] DEBUG c.e.a.a.s.CustomUserDetailsService - Loading user by: admin@gmail.com
2026-06-20 10:03:35.534 [http-nio-8080-exec-6] DEBUG org.hibernate.SQL - 
    select
        u1_0.id,
        u1_0.created_at,
        u1_0.email,
        u1_0.email_verified,
        u1_0.enabled,
        u1_0.first_name,
        u1_0.last_login_at,
        u1_0.last_name,
        u1_0.password,
        u1_0.store_id,
        u1_0.updated_at,
        u1_0.username 
    from
        users u1_0 
    where
        u1_0.email=?
2026-06-20 10:03:35.536 [http-nio-8080-exec-6] DEBUG org.hibernate.SQL - 
    select
        r1_0.user_id,
        r1_1.id,
        r1_1.name,
        p1_0.role_id,
        p1_1.id,
        p1_1.created_at,
        p1_1.description,
        p1_1.name 
    from
        user_roles r1_0 
    join
        roles r1_1 
            on r1_1.id=r1_0.role_id 
    left join
        (role_permissions p1_0 
    join
        permissions p1_1 
            on p1_1.id=p1_0.permission_id) 
        on r1_1.id=p1_0.role_id 
    where
        r1_0.user_id=?
2026-06-20 10:03:35.541 [http-nio-8080-exec-6] DEBUG org.hibernate.SQL - 
    select
        p1_0.role_id,
        p1_1.id,
        p1_1.created_at,
        p1_1.description,
        p1_1.name 
    from
        role_permissions p1_0 
    join
        permissions p1_1 
            on p1_1.id=p1_0.permission_id 
    where
        p1_0.role_id=?
2026-06-20 10:03:35.544 [http-nio-8080-exec-6] DEBUG c.e.a.a.s.CustomUserDetailsService - User found: admin@gmail.com
2026-06-20 10:03:35.545 [http-nio-8080-exec-6] INFO  c.e.a.a.s.JwtAuthenticationFilter - 🔍 Authorities for user admin@gmail.com: [BRAND_UPDATE, CATEGORY_UPDATE, PRODUCT_CREATE, BRAND_DELETE, CATEGORY_READ, CUSTOMER_CREATE, ORDER_READ, INVENTORY_VIEW, USER_ASSIGN_ROLE, USER_CREATE, STORE_READ, ORDER_DELETE, CATEGORY_CREATE, ORDER_UPDATE, CUSTOMER_DELETE, BRAND_CREATE, INVENTORY_MANAGE, ORDER_REFUND, USER_READ, CATEGORY_DELETE, PRODUCT_READ, CUSTOMER_UPDATE, USER_DELETE, USER_UPDATE, REPORT_EXPORT, PRODUCT_DELETE, STORE_UPDATE, CUSTOMER_READ, SETTINGS_UPDATE, PRODUCT_UPDATE, REPORT_VIEW_SALES, REPORT_VIEW_INVENTORY, BRAND_READ, ROLE_ADMIN, ORDER_CREATE, SETTINGS_VIEW]
2026-06-20 10:03:35.545 [http-nio-8080-exec-6] DEBUG c.e.a.a.s.JwtAuthenticationFilter - Set authentication for user: admin@gmail.com in security context
2026-06-20 10:03:35.556 [http-nio-8080-exec-6] ERROR c.e.a.c.e.GlobalExceptionHandler - Unexpected error occurred: 
org.springframework.web.servlet.resource.NoResourceFoundException: No static resource api/admin/permissions/role/ROLE_CASHIER/permission.
	at org.springframework.web.servlet.resource.ResourceHttpRequestHandler.handleRequest(ResourceHttpRequestHandler.java:585)
	at org.springframework.web.servlet.mvc.HttpRequestHandlerAdapter.handle(HttpRequestHandlerAdapter.java:52)
	at org.springframework.web.servlet.DispatcherServlet.doDispatch(DispatcherServlet.java:1089)
	at org.springframework.web.servlet.DispatcherServlet.doService(DispatcherServlet.java:979)
	at org.springframework.web.servlet.FrameworkServlet.processRequest(FrameworkServlet.java:1014)
	at org.springframework.web.servlet.FrameworkServlet.doPost(FrameworkServlet.java:914)
	at jakarta.servlet.http.HttpServlet.service(HttpServlet.java:590)
	at org.springframework.web.servlet.FrameworkServlet.service(FrameworkServlet.java:885)
	at jakarta.servlet.http.HttpServlet.service(HttpServlet.java:658)
	at org.apache.catalina.core.ApplicationFilterChain.internalDoFilter(ApplicationFilterChain.java:205)
	at org.apache.catalina.core.ApplicationFilterChain.doFilter(ApplicationFilterChain.java:149)
	at org.apache.tomcat.websocket.server.WsFilter.doFilter(WsFilter.java:51)
	at org.apache.catalina.core.ApplicationFilterChain.internalDoFilter(ApplicationFilterChain.java:174)
	at org.apache.catalina.core.ApplicationFilterChain.doFilter(ApplicationFilterChain.java:149)
	at org.springframework.web.filter.OncePerRequestFilter.doFilter(OncePerRequestFilter.java:110)
	at org.apache.catalina.core.ApplicationFilterChain.internalDoFilter(ApplicationFilterChain.java:174)
	at org.apache.catalina.core.ApplicationFilterChain.doFilter(ApplicationFilterChain.java:149)
	at org.springframework.security.web.FilterChainProxy.lambda$doFilterInternal$3(FilterChainProxy.java:231)
	at org.springframework.security.web.FilterChainProxy$VirtualFilterChain.doFilter(FilterChainProxy.java:365)
	at org.springframework.security.web.access.intercept.AuthorizationFilter.doFilter(AuthorizationFilter.java:100)
	at org.springframework.security.web.FilterChainProxy$VirtualFilterChain.doFilter(FilterChainProxy.java:374)
	at org.springframework.security.web.access.ExceptionTranslationFilter.doFilter(ExceptionTranslationFilter.java:126)
	at org.springframework.security.web.access.ExceptionTranslationFilter.doFilter(ExceptionTranslationFilter.java:120)
	at org.springframework.security.web.FilterChainProxy$VirtualFilterChain.doFilter(FilterChainProxy.java:374)
	at org.springframework.security.web.session.SessionManagementFilter.doFilter(SessionManagementFilter.java:131)
	at org.springframework.security.web.session.SessionManagementFilter.doFilter(SessionManagementFilter.java:85)
	at org.springframework.security.web.FilterChainProxy$VirtualFilterChain.doFilter(FilterChainProxy.java:374)
	at org.springframework.security.web.authentication.AnonymousAuthenticationFilter.doFilter(AnonymousAuthenticationFilter.java:100)
	at org.springframework.security.web.FilterChainProxy$VirtualFilterChain.doFilter(FilterChainProxy.java:374)
	at org.springframework.security.web.servletapi.SecurityContextHolderAwareRequestFilter.doFilter(SecurityContextHolderAwareRequestFilter.java:179)
	at org.springframework.security.web.FilterChainProxy$VirtualFilterChain.doFilter(FilterChainProxy.java:374)
	at org.springframework.security.web.savedrequest.RequestCacheAwareFilter.doFilter(RequestCacheAwareFilter.java:63)
	at org.springframework.security.web.FilterChainProxy$VirtualFilterChain.doFilter(FilterChainProxy.java:374)
	at com.example.auth_system.auth.security.JwtAuthenticationFilter.doFilterInternal(JwtAuthenticationFilter.java:65)
	at org.springframework.web.filter.OncePerRequestFilter.doFilter(OncePerRequestFilter.java:116)
	at org.springframework.security.web.FilterChainProxy$VirtualFilterChain.doFilter(FilterChainProxy.java:374)
	at org.springframework.security.web.authentication.logout.LogoutFilter.doFilter(LogoutFilter.java:107)
	at org.springframework.security.web.authentication.logout.LogoutFilter.doFilter(LogoutFilter.java:93)
	at org.springframework.security.web.FilterChainProxy$VirtualFilterChain.doFilter(FilterChainProxy.java:374)
	at org.springframework.security.web.header.HeaderWriterFilter.doHeadersAfter(HeaderWriterFilter.java:90)
	at org.springframework.security.web.header.HeaderWriterFilter.doFilterInternal(HeaderWriterFilter.java:75)
	at org.springframework.web.filter.OncePerRequestFilter.doFilter(OncePerRequestFilter.java:116)
	at org.springframework.security.web.FilterChainProxy$VirtualFilterChain.doFilter(FilterChainProxy.java:374)
	at org.springframework.security.web.context.SecurityContextHolderFilter.doFilter(SecurityContextHolderFilter.java:82)
	at org.springframework.security.web.context.SecurityContextHolderFilter.doFilter(SecurityContextHolderFilter.java:69)
	at org.springframework.security.web.FilterChainProxy$VirtualFilterChain.doFilter(FilterChainProxy.java:374)
	at org.springframework.security.web.context.request.async.WebAsyncManagerIntegrationFilter.doFilterInternal(WebAsyncManagerIntegrationFilter.java:62)
	at org.springframework.web.filter.OncePerRequestFilter.doFilter(OncePerRequestFilter.java:116)
	at org.springframework.security.web.FilterChainProxy$VirtualFilterChain.doFilter(FilterChainProxy.java:374)
	at org.springframework.security.web.session.DisableEncodeUrlFilter.doFilterInternal(DisableEncodeUrlFilter.java:42)
	at org.springframework.web.filter.OncePerRequestFilter.doFilter(OncePerRequestFilter.java:116)
	at org.springframework.security.web.FilterChainProxy$VirtualFilterChain.doFilter(FilterChainProxy.java:374)
	at org.springframework.security.web.FilterChainProxy.doFilterInternal(FilterChainProxy.java:233)
	at org.springframework.security.web.FilterChainProxy.doFilter(FilterChainProxy.java:191)
	at org.springframework.web.filter.DelegatingFilterProxy.invokeDelegate(DelegatingFilterProxy.java:352)
	at org.springframework.web.filter.DelegatingFilterProxy.doFilter(DelegatingFilterProxy.java:268)
	at org.apache.catalina.core.ApplicationFilterChain.internalDoFilter(ApplicationFilterChain.java:174)
	at org.apache.catalina.core.ApplicationFilterChain.doFilter(ApplicationFilterChain.java:149)
	at org.springframework.web.filter.RequestContextFilter.doFilterInternal(RequestContextFilter.java:100)
	at org.springframework.web.filter.OncePerRequestFilter.doFilter(OncePerRequestFilter.java:116)
	at org.apache.catalina.core.ApplicationFilterChain.internalDoFilter(ApplicationFilterChain.java:174)
	at org.apache.catalina.core.ApplicationFilterChain.doFilter(ApplicationFilterChain.java:149)
	at org.springframework.web.filter.FormContentFilter.doFilterInternal(FormContentFilter.java:93)
	at org.springframework.web.filter.OncePerRequestFilter.doFilter(OncePerRequestFilter.java:116)
	at org.apache.catalina.core.ApplicationFilterChain.internalDoFilter(ApplicationFilterChain.java:174)
	at org.apache.catalina.core.ApplicationFilterChain.doFilter(ApplicationFilterChain.java:149)
	at org.springframework.web.filter.CharacterEncodingFilter.doFilterInternal(CharacterEncodingFilter.java:201)
	at org.springframework.web.filter.OncePerRequestFilter.doFilter(OncePerRequestFilter.java:116)
	at org.apache.catalina.core.ApplicationFilterChain.internalDoFilter(ApplicationFilterChain.java:174)
	at org.apache.catalina.core.ApplicationFilterChain.doFilter(ApplicationFilterChain.java:149)
	at org.apache.catalina.core.StandardWrapperValve.invoke(StandardWrapperValve.java:167)
	at org.apache.catalina.core.StandardContextValve.invoke(StandardContextValve.java:90)
	at org.apache.catalina.authenticator.AuthenticatorBase.invoke(AuthenticatorBase.java:482)
	at org.apache.catalina.core.StandardHostValve.invoke(StandardHostValve.java:115)
	at org.apache.catalina.valves.ErrorReportValve.invoke(ErrorReportValve.java:93)
	at org.apache.catalina.core.StandardEngineValve.invoke(StandardEngineValve.java:74)
	at org.apache.catalina.connector.CoyoteAdapter.service(CoyoteAdapter.java:340)
	at org.apache.coyote.http11.Http11Processor.service(Http11Processor.java:391)
	at org.apache.coyote.AbstractProcessorLight.process(AbstractProcessorLight.java:63)
	at org.apache.coyote.AbstractProtocol$ConnectionHandler.process(AbstractProtocol.java:896)
	at org.apache.tomcat.util.net.NioEndpoint$SocketProcessor.doRun(NioEndpoint.java:1744)
	at org.apache.tomcat.util.net.SocketProcessorBase.run(SocketProcessorBase.java:52)
	at org.apache.tomcat.util.threads.ThreadPoolExecutor.runWorker(ThreadPoolExecutor.java:1191)
	at org.apache.tomcat.util.threads.ThreadPoolExecutor$Worker.run(ThreadPoolExecutor.java:659)
	at org.apache.tomcat.util.threads.TaskThread$WrappingRunnable.run(TaskThread.java:61)
	at java.base/java.lang.Thread.run(Thread.java:1583)
2026-06-20 10:05:08.969 [http-nio-8080-exec-7] DEBUG c.e.a.a.s.CustomUserDetailsService - Loading user by: admin@gmail.com
2026-06-20 10:05:08.969 [http-nio-8080-exec-7] DEBUG org.hibernate.SQL - 
    select
        u1_0.id,
        u1_0.created_at,
        u1_0.email,
        u1_0.email_verified,
        u1_0.enabled,
        u1_0.first_name,
        u1_0.last_login_at,
        u1_0.last_name,
        u1_0.password,
        u1_0.store_id,
        u1_0.updated_at,
        u1_0.username 
    from
        users u1_0 
    where
        u1_0.email=?
2026-06-20 10:05:08.969 [http-nio-8080-exec-7] DEBUG org.hibernate.SQL - 
    select
        r1_0.user_id,
        r1_1.id,
        r1_1.name,
        p1_0.role_id,
        p1_1.id,
        p1_1.created_at,
        p1_1.description,
        p1_1.name 
    from
        user_roles r1_0 
    join
        roles r1_1 
            on r1_1.id=r1_0.role_id 
    left join
        (role_permissions p1_0 
    join
        permissions p1_1 
            on p1_1.id=p1_0.permission_id) 
        on r1_1.id=p1_0.role_id 
    where
        r1_0.user_id=?
2026-06-20 10:05:08.986 [http-nio-8080-exec-7] DEBUG org.hibernate.SQL - 
    select
        p1_0.role_id,
        p1_1.id,
        p1_1.created_at,
        p1_1.description,
        p1_1.name 
    from
        role_permissions p1_0 
    join
        permissions p1_1 
            on p1_1.id=p1_0.permission_id 
    where
        p1_0.role_id=?
2026-06-20 10:05:08.987 [http-nio-8080-exec-7] DEBUG c.e.a.a.s.CustomUserDetailsService - User found: admin@gmail.com
2026-06-20 10:05:08.987 [http-nio-8080-exec-7] INFO  c.e.a.a.s.JwtAuthenticationFilter - 🔍 Authorities for user admin@gmail.com: [BRAND_UPDATE, CATEGORY_UPDATE, PRODUCT_CREATE, BRAND_DELETE, CATEGORY_READ, CUSTOMER_CREATE, ORDER_READ, INVENTORY_VIEW, USER_ASSIGN_ROLE, USER_CREATE, STORE_READ, ORDER_DELETE, CATEGORY_CREATE, ORDER_UPDATE, CUSTOMER_DELETE, BRAND_CREATE, INVENTORY_MANAGE, ORDER_REFUND, USER_READ, CATEGORY_DELETE, PRODUCT_READ, CUSTOMER_UPDATE, USER_DELETE, USER_UPDATE, REPORT_EXPORT, PRODUCT_DELETE, STORE_UPDATE, CUSTOMER_READ, SETTINGS_UPDATE, PRODUCT_UPDATE, REPORT_VIEW_SALES, REPORT_VIEW_INVENTORY, BRAND_READ, ROLE_ADMIN, ORDER_CREATE, SETTINGS_VIEW]
2026-06-20 10:05:08.990 [http-nio-8080-exec-7] DEBUG c.e.a.a.s.JwtAuthenticationFilter - Set authentication for user: admin@gmail.com in security context
2026-06-20 10:05:08.990 [http-nio-8080-exec-7] ERROR c.e.a.c.e.GlobalExceptionHandler - Unexpected error occurred: 
org.springframework.web.HttpRequestMethodNotSupportedException: Request method 'POST' is not supported
	at org.springframework.web.servlet.mvc.method.RequestMappingInfoHandlerMapping.handleNoMatch(RequestMappingInfoHandlerMapping.java:265)
	at org.springframework.web.servlet.handler.AbstractHandlerMethodMapping.lookupHandlerMethod(AbstractHandlerMethodMapping.java:441)
	at org.springframework.web.servlet.handler.AbstractHandlerMethodMapping.getHandlerInternal(AbstractHandlerMethodMapping.java:382)
	at org.springframework.web.servlet.mvc.method.RequestMappingInfoHandlerMapping.getHandlerInternal(RequestMappingInfoHandlerMapping.java:126)
	at org.springframework.web.servlet.mvc.method.RequestMappingInfoHandlerMapping.getHandlerInternal(RequestMappingInfoHandlerMapping.java:68)
	at org.springframework.web.servlet.handler.AbstractHandlerMapping.getHandler(AbstractHandlerMapping.java:507)
	at org.springframework.web.servlet.DispatcherServlet.getHandler(DispatcherServlet.java:1283)
	at org.springframework.web.servlet.DispatcherServlet.doDispatch(DispatcherServlet.java:1065)
	at org.springframework.web.servlet.DispatcherServlet.doService(DispatcherServlet.java:979)
	at org.springframework.web.servlet.FrameworkServlet.processRequest(FrameworkServlet.java:1014)
	at org.springframework.web.servlet.FrameworkServlet.doPost(FrameworkServlet.java:914)
	at jakarta.servlet.http.HttpServlet.service(HttpServlet.java:590)
	at org.springframework.web.servlet.FrameworkServlet.service(FrameworkServlet.java:885)
	at jakarta.servlet.http.HttpServlet.service(HttpServlet.java:658)
	at org.apache.catalina.core.ApplicationFilterChain.internalDoFilter(ApplicationFilterChain.java:205)
	at org.apache.catalina.core.ApplicationFilterChain.doFilter(ApplicationFilterChain.java:149)
	at org.apache.tomcat.websocket.server.WsFilter.doFilter(WsFilter.java:51)
	at org.apache.catalina.core.ApplicationFilterChain.internalDoFilter(ApplicationFilterChain.java:174)
	at org.apache.catalina.core.ApplicationFilterChain.doFilter(ApplicationFilterChain.java:149)
	at org.springframework.web.filter.OncePerRequestFilter.doFilter(OncePerRequestFilter.java:110)
	at org.apache.catalina.core.ApplicationFilterChain.internalDoFilter(ApplicationFilterChain.java:174)
	at org.apache.catalina.core.ApplicationFilterChain.doFilter(ApplicationFilterChain.java:149)
	at org.springframework.security.web.FilterChainProxy.lambda$doFilterInternal$3(FilterChainProxy.java:231)
	at org.springframework.security.web.FilterChainProxy$VirtualFilterChain.doFilter(FilterChainProxy.java:365)
	at org.springframework.security.web.access.intercept.AuthorizationFilter.doFilter(AuthorizationFilter.java:100)
	at org.springframework.security.web.FilterChainProxy$VirtualFilterChain.doFilter(FilterChainProxy.java:374)
	at org.springframework.security.web.access.ExceptionTranslationFilter.doFilter(ExceptionTranslationFilter.java:126)
	at org.springframework.security.web.access.ExceptionTranslationFilter.doFilter(ExceptionTranslationFilter.java:120)
	at org.springframework.security.web.FilterChainProxy$VirtualFilterChain.doFilter(FilterChainProxy.java:374)
	at org.springframework.security.web.session.SessionManagementFilter.doFilter(SessionManagementFilter.java:131)
	at org.springframework.security.web.session.SessionManagementFilter.doFilter(SessionManagementFilter.java:85)
	at org.springframework.security.web.FilterChainProxy$VirtualFilterChain.doFilter(FilterChainProxy.java:374)
	at org.springframework.security.web.authentication.AnonymousAuthenticationFilter.doFilter(AnonymousAuthenticationFilter.java:100)
	at org.springframework.security.web.FilterChainProxy$VirtualFilterChain.doFilter(FilterChainProxy.java:374)
	at org.springframework.security.web.servletapi.SecurityContextHolderAwareRequestFilter.doFilter(SecurityContextHolderAwareRequestFilter.java:179)
	at org.springframework.security.web.FilterChainProxy$VirtualFilterChain.doFilter(FilterChainProxy.java:374)
	at org.springframework.security.web.savedrequest.RequestCacheAwareFilter.doFilter(RequestCacheAwareFilter.java:63)
	at org.springframework.security.web.FilterChainProxy$VirtualFilterChain.doFilter(FilterChainProxy.java:374)
	at com.example.auth_system.auth.security.JwtAuthenticationFilter.doFilterInternal(JwtAuthenticationFilter.java:65)
	at org.springframework.web.filter.OncePerRequestFilter.doFilter(OncePerRequestFilter.java:116)
	at org.springframework.security.web.FilterChainProxy$VirtualFilterChain.doFilter(FilterChainProxy.java:374)
	at org.springframework.security.web.authentication.logout.LogoutFilter.doFilter(LogoutFilter.java:107)
	at org.springframework.security.web.authentication.logout.LogoutFilter.doFilter(LogoutFilter.java:93)
	at org.springframework.security.web.FilterChainProxy$VirtualFilterChain.doFilter(FilterChainProxy.java:374)
	at org.springframework.security.web.header.HeaderWriterFilter.doHeadersAfter(HeaderWriterFilter.java:90)
	at org.springframework.security.web.header.HeaderWriterFilter.doFilterInternal(HeaderWriterFilter.java:75)
	at org.springframework.web.filter.OncePerRequestFilter.doFilter(OncePerRequestFilter.java:116)
	at org.springframework.security.web.FilterChainProxy$VirtualFilterChain.doFilter(FilterChainProxy.java:374)
	at org.springframework.security.web.context.SecurityContextHolderFilter.doFilter(SecurityContextHolderFilter.java:82)
	at org.springframework.security.web.context.SecurityContextHolderFilter.doFilter(SecurityContextHolderFilter.java:69)
	at org.springframework.security.web.FilterChainProxy$VirtualFilterChain.doFilter(FilterChainProxy.java:374)
	at org.springframework.security.web.context.request.async.WebAsyncManagerIntegrationFilter.doFilterInternal(WebAsyncManagerIntegrationFilter.java:62)
	at org.springframework.web.filter.OncePerRequestFilter.doFilter(OncePerRequestFilter.java:116)
	at org.springframework.security.web.FilterChainProxy$VirtualFilterChain.doFilter(FilterChainProxy.java:374)
	at org.springframework.security.web.session.DisableEncodeUrlFilter.doFilterInternal(DisableEncodeUrlFilter.java:42)
	at org.springframework.web.filter.OncePerRequestFilter.doFilter(OncePerRequestFilter.java:116)
	at org.springframework.security.web.FilterChainProxy$VirtualFilterChain.doFilter(FilterChainProxy.java:374)
	at org.springframework.security.web.FilterChainProxy.doFilterInternal(FilterChainProxy.java:233)
	at org.springframework.security.web.FilterChainProxy.doFilter(FilterChainProxy.java:191)
	at org.springframework.web.filter.DelegatingFilterProxy.invokeDelegate(DelegatingFilterProxy.java:352)
	at org.springframework.web.filter.DelegatingFilterProxy.doFilter(DelegatingFilterProxy.java:268)
	at org.apache.catalina.core.ApplicationFilterChain.internalDoFilter(ApplicationFilterChain.java:174)
	at org.apache.catalina.core.ApplicationFilterChain.doFilter(ApplicationFilterChain.java:149)
	at org.springframework.web.filter.RequestContextFilter.doFilterInternal(RequestContextFilter.java:100)
	at org.springframework.web.filter.OncePerRequestFilter.doFilter(OncePerRequestFilter.java:116)
	at org.apache.catalina.core.ApplicationFilterChain.internalDoFilter(ApplicationFilterChain.java:174)
	at org.apache.catalina.core.ApplicationFilterChain.doFilter(ApplicationFilterChain.java:149)
	at org.springframework.web.filter.FormContentFilter.doFilterInternal(FormContentFilter.java:93)
	at org.springframework.web.filter.OncePerRequestFilter.doFilter(OncePerRequestFilter.java:116)
	at org.apache.catalina.core.ApplicationFilterChain.internalDoFilter(ApplicationFilterChain.java:174)
	at org.apache.catalina.core.ApplicationFilterChain.doFilter(ApplicationFilterChain.java:149)
	at org.springframework.web.filter.CharacterEncodingFilter.doFilterInternal(CharacterEncodingFilter.java:201)
	at org.springframework.web.filter.OncePerRequestFilter.doFilter(OncePerRequestFilter.java:116)
	at org.apache.catalina.core.ApplicationFilterChain.internalDoFilter(ApplicationFilterChain.java:174)
	at org.apache.catalina.core.ApplicationFilterChain.doFilter(ApplicationFilterChain.java:149)
	at org.apache.catalina.core.StandardWrapperValve.invoke(StandardWrapperValve.java:167)
	at org.apache.catalina.core.StandardContextValve.invoke(StandardContextValve.java:90)
	at org.apache.catalina.authenticator.AuthenticatorBase.invoke(AuthenticatorBase.java:482)
	at org.apache.catalina.core.StandardHostValve.invoke(StandardHostValve.java:115)
	at org.apache.catalina.valves.ErrorReportValve.invoke(ErrorReportValve.java:93)
	at org.apache.catalina.core.StandardEngineValve.invoke(StandardEngineValve.java:74)
	at org.apache.catalina.connector.CoyoteAdapter.service(CoyoteAdapter.java:340)
	at org.apache.coyote.http11.Http11Processor.service(Http11Processor.java:391)
	at org.apache.coyote.AbstractProcessorLight.process(AbstractProcessorLight.java:63)
	at org.apache.coyote.AbstractProtocol$ConnectionHandler.process(AbstractProtocol.java:896)
	at org.apache.tomcat.util.net.NioEndpoint$SocketProcessor.doRun(NioEndpoint.java:1744)
	at org.apache.tomcat.util.net.SocketProcessorBase.run(SocketProcessorBase.java:52)
	at org.apache.tomcat.util.threads.ThreadPoolExecutor.runWorker(ThreadPoolExecutor.java:1191)
	at org.apache.tomcat.util.threads.ThreadPoolExecutor$Worker.run(ThreadPoolExecutor.java:659)
	at org.apache.tomcat.util.threads.TaskThread$WrappingRunnable.run(TaskThread.java:61)
	at java.base/java.lang.Thread.run(Thread.java:1583)
2026-06-20 10:05:30.648 [http-nio-8080-exec-9] DEBUG c.e.a.a.s.CustomUserDetailsService - Loading user by: admin@gmail.com
2026-06-20 10:05:30.648 [http-nio-8080-exec-9] DEBUG org.hibernate.SQL - 
    select
        u1_0.id,
        u1_0.created_at,
        u1_0.email,
        u1_0.email_verified,
        u1_0.enabled,
        u1_0.first_name,
        u1_0.last_login_at,
        u1_0.last_name,
        u1_0.password,
        u1_0.store_id,
        u1_0.updated_at,
        u1_0.username 
    from
        users u1_0 
    where
        u1_0.email=?
2026-06-20 10:05:30.648 [http-nio-8080-exec-9] DEBUG org.hibernate.SQL - 
    select
        r1_0.user_id,
        r1_1.id,
        r1_1.name,
        p1_0.role_id,
        p1_1.id,
        p1_1.created_at,
        p1_1.description,
        p1_1.name 
    from
        user_roles r1_0 
    join
        roles r1_1 
            on r1_1.id=r1_0.role_id 
    left join
        (role_permissions p1_0 
    join
        permissions p1_1 
            on p1_1.id=p1_0.permission_id) 
        on r1_1.id=p1_0.role_id 
    where
        r1_0.user_id=?
2026-06-20 10:05:30.648 [http-nio-8080-exec-9] DEBUG org.hibernate.SQL - 
    select
        p1_0.role_id,
        p1_1.id,
        p1_1.created_at,
        p1_1.description,
        p1_1.name 
    from
        role_permissions p1_0 
    join
        permissions p1_1 
            on p1_1.id=p1_0.permission_id 
    where
        p1_0.role_id=?
2026-06-20 10:05:30.660 [http-nio-8080-exec-9] DEBUG c.e.a.a.s.CustomUserDetailsService - User found: admin@gmail.com
2026-06-20 10:05:30.660 [http-nio-8080-exec-9] INFO  c.e.a.a.s.JwtAuthenticationFilter - 🔍 Authorities for user admin@gmail.com: [BRAND_UPDATE, CATEGORY_UPDATE, PRODUCT_CREATE, BRAND_DELETE, CATEGORY_READ, CUSTOMER_CREATE, ORDER_READ, INVENTORY_VIEW, USER_ASSIGN_ROLE, USER_CREATE, STORE_READ, ORDER_DELETE, CATEGORY_CREATE, ORDER_UPDATE, CUSTOMER_DELETE, BRAND_CREATE, INVENTORY_MANAGE, ORDER_REFUND, USER_READ, CATEGORY_DELETE, PRODUCT_READ, CUSTOMER_UPDATE, USER_DELETE, USER_UPDATE, REPORT_EXPORT, PRODUCT_DELETE, STORE_UPDATE, CUSTOMER_READ, SETTINGS_UPDATE, PRODUCT_UPDATE, REPORT_VIEW_SALES, REPORT_VIEW_INVENTORY, BRAND_READ, ROLE_ADMIN, ORDER_CREATE, SETTINGS_VIEW]
2026-06-20 10:05:30.660 [http-nio-8080-exec-9] DEBUG c.e.a.a.s.JwtAuthenticationFilter - Set authentication for user: admin@gmail.com in security context
2026-06-20 10:05:30.664 [http-nio-8080-exec-9] ERROR c.e.a.c.e.GlobalExceptionHandler - Unexpected error occurred: 
org.springframework.web.HttpRequestMethodNotSupportedException: Request method 'POST' is not supported
	at org.springframework.web.servlet.mvc.method.RequestMappingInfoHandlerMapping.handleNoMatch(RequestMappingInfoHandlerMapping.java:265)
	at org.springframework.web.servlet.handler.AbstractHandlerMethodMapping.lookupHandlerMethod(AbstractHandlerMethodMapping.java:441)
	at org.springframework.web.servlet.handler.AbstractHandlerMethodMapping.getHandlerInternal(AbstractHandlerMethodMapping.java:382)
	at org.springframework.web.servlet.mvc.method.RequestMappingInfoHandlerMapping.getHandlerInternal(RequestMappingInfoHandlerMapping.java:126)
	at org.springframework.web.servlet.mvc.method.RequestMappingInfoHandlerMapping.getHandlerInternal(RequestMappingInfoHandlerMapping.java:68)
	at org.springframework.web.servlet.handler.AbstractHandlerMapping.getHandler(AbstractHandlerMapping.java:507)
	at org.springframework.web.servlet.DispatcherServlet.getHandler(DispatcherServlet.java:1283)
	at org.springframework.web.servlet.DispatcherServlet.doDispatch(DispatcherServlet.java:1065)
	at org.springframework.web.servlet.DispatcherServlet.doService(DispatcherServlet.java:979)
	at org.springframework.web.servlet.FrameworkServlet.processRequest(FrameworkServlet.java:1014)
	at org.springframework.web.servlet.FrameworkServlet.doPost(FrameworkServlet.java:914)
	at jakarta.servlet.http.HttpServlet.service(HttpServlet.java:590)
	at org.springframework.web.servlet.FrameworkServlet.service(FrameworkServlet.java:885)
	at jakarta.servlet.http.HttpServlet.service(HttpServlet.java:658)
	at org.apache.catalina.core.ApplicationFilterChain.internalDoFilter(ApplicationFilterChain.java:205)
	at org.apache.catalina.core.ApplicationFilterChain.doFilter(ApplicationFilterChain.java:149)
	at org.apache.tomcat.websocket.server.WsFilter.doFilter(WsFilter.java:51)
	at org.apache.catalina.core.ApplicationFilterChain.internalDoFilter(ApplicationFilterChain.java:174)
	at org.apache.catalina.core.ApplicationFilterChain.doFilter(ApplicationFilterChain.java:149)
	at org.springframework.web.filter.OncePerRequestFilter.doFilter(OncePerRequestFilter.java:110)
	at org.apache.catalina.core.ApplicationFilterChain.internalDoFilter(ApplicationFilterChain.java:174)
	at org.apache.catalina.core.ApplicationFilterChain.doFilter(ApplicationFilterChain.java:149)
	at org.springframework.security.web.FilterChainProxy.lambda$doFilterInternal$3(FilterChainProxy.java:231)
	at org.springframework.security.web.FilterChainProxy$VirtualFilterChain.doFilter(FilterChainProxy.java:365)
	at org.springframework.security.web.access.intercept.AuthorizationFilter.doFilter(AuthorizationFilter.java:100)
	at org.springframework.security.web.FilterChainProxy$VirtualFilterChain.doFilter(FilterChainProxy.java:374)
	at org.springframework.security.web.access.ExceptionTranslationFilter.doFilter(ExceptionTranslationFilter.java:126)
	at org.springframework.security.web.access.ExceptionTranslationFilter.doFilter(ExceptionTranslationFilter.java:120)
	at org.springframework.security.web.FilterChainProxy$VirtualFilterChain.doFilter(FilterChainProxy.java:374)
	at org.springframework.security.web.session.SessionManagementFilter.doFilter(SessionManagementFilter.java:131)
	at org.springframework.security.web.session.SessionManagementFilter.doFilter(SessionManagementFilter.java:85)
	at org.springframework.security.web.FilterChainProxy$VirtualFilterChain.doFilter(FilterChainProxy.java:374)
	at org.springframework.security.web.authentication.AnonymousAuthenticationFilter.doFilter(AnonymousAuthenticationFilter.java:100)
	at org.springframework.security.web.FilterChainProxy$VirtualFilterChain.doFilter(FilterChainProxy.java:374)
	at org.springframework.security.web.servletapi.SecurityContextHolderAwareRequestFilter.doFilter(SecurityContextHolderAwareRequestFilter.java:179)
	at org.springframework.security.web.FilterChainProxy$VirtualFilterChain.doFilter(FilterChainProxy.java:374)
	at org.springframework.security.web.savedrequest.RequestCacheAwareFilter.doFilter(RequestCacheAwareFilter.java:63)
	at org.springframework.security.web.FilterChainProxy$VirtualFilterChain.doFilter(FilterChainProxy.java:374)
	at com.example.auth_system.auth.security.JwtAuthenticationFilter.doFilterInternal(JwtAuthenticationFilter.java:65)
	at org.springframework.web.filter.OncePerRequestFilter.doFilter(OncePerRequestFilter.java:116)
	at org.springframework.security.web.FilterChainProxy$VirtualFilterChain.doFilter(FilterChainProxy.java:374)
	at org.springframework.security.web.authentication.logout.LogoutFilter.doFilter(LogoutFilter.java:107)
	at org.springframework.security.web.authentication.logout.LogoutFilter.doFilter(LogoutFilter.java:93)
	at org.springframework.security.web.FilterChainProxy$VirtualFilterChain.doFilter(FilterChainProxy.java:374)
	at org.springframework.security.web.header.HeaderWriterFilter.doHeadersAfter(HeaderWriterFilter.java:90)
	at org.springframework.security.web.header.HeaderWriterFilter.doFilterInternal(HeaderWriterFilter.java:75)
	at org.springframework.web.filter.OncePerRequestFilter.doFilter(OncePerRequestFilter.java:116)
	at org.springframework.security.web.FilterChainProxy$VirtualFilterChain.doFilter(FilterChainProxy.java:374)
	at org.springframework.security.web.context.SecurityContextHolderFilter.doFilter(SecurityContextHolderFilter.java:82)
	at org.springframework.security.web.context.SecurityContextHolderFilter.doFilter(SecurityContextHolderFilter.java:69)
	at org.springframework.security.web.FilterChainProxy$VirtualFilterChain.doFilter(FilterChainProxy.java:374)
	at org.springframework.security.web.context.request.async.WebAsyncManagerIntegrationFilter.doFilterInternal(WebAsyncManagerIntegrationFilter.java:62)
	at org.springframework.web.filter.OncePerRequestFilter.doFilter(OncePerRequestFilter.java:116)
	at org.springframework.security.web.FilterChainProxy$VirtualFilterChain.doFilter(FilterChainProxy.java:374)
	at org.springframework.security.web.session.DisableEncodeUrlFilter.doFilterInternal(DisableEncodeUrlFilter.java:42)
	at org.springframework.web.filter.OncePerRequestFilter.doFilter(OncePerRequestFilter.java:116)
	at org.springframework.security.web.FilterChainProxy$VirtualFilterChain.doFilter(FilterChainProxy.java:374)
	at org.springframework.security.web.FilterChainProxy.doFilterInternal(FilterChainProxy.java:233)
	at org.springframework.security.web.FilterChainProxy.doFilter(FilterChainProxy.java:191)
	at org.springframework.web.filter.DelegatingFilterProxy.invokeDelegate(DelegatingFilterProxy.java:352)
	at org.springframework.web.filter.DelegatingFilterProxy.doFilter(DelegatingFilterProxy.java:268)
	at org.apache.catalina.core.ApplicationFilterChain.internalDoFilter(ApplicationFilterChain.java:174)
	at org.apache.catalina.core.ApplicationFilterChain.doFilter(ApplicationFilterChain.java:149)
	at org.springframework.web.filter.RequestContextFilter.doFilterInternal(RequestContextFilter.java:100)
	at org.springframework.web.filter.OncePerRequestFilter.doFilter(OncePerRequestFilter.java:116)
	at org.apache.catalina.core.ApplicationFilterChain.internalDoFilter(ApplicationFilterChain.java:174)
	at org.apache.catalina.core.ApplicationFilterChain.doFilter(ApplicationFilterChain.java:149)
	at org.springframework.web.filter.FormContentFilter.doFilterInternal(FormContentFilter.java:93)
	at org.springframework.web.filter.OncePerRequestFilter.doFilter(OncePerRequestFilter.java:116)
	at org.apache.catalina.core.ApplicationFilterChain.internalDoFilter(ApplicationFilterChain.java:174)
	at org.apache.catalina.core.ApplicationFilterChain.doFilter(ApplicationFilterChain.java:149)
	at org.springframework.web.filter.CharacterEncodingFilter.doFilterInternal(CharacterEncodingFilter.java:201)
	at org.springframework.web.filter.OncePerRequestFilter.doFilter(OncePerRequestFilter.java:116)
	at org.apache.catalina.core.ApplicationFilterChain.internalDoFilter(ApplicationFilterChain.java:174)
	at org.apache.catalina.core.ApplicationFilterChain.doFilter(ApplicationFilterChain.java:149)
	at org.apache.catalina.core.StandardWrapperValve.invoke(StandardWrapperValve.java:167)
	at org.apache.catalina.core.StandardContextValve.invoke(StandardContextValve.java:90)
	at org.apache.catalina.authenticator.AuthenticatorBase.invoke(AuthenticatorBase.java:482)
	at org.apache.catalina.core.StandardHostValve.invoke(StandardHostValve.java:115)
	at org.apache.catalina.valves.ErrorReportValve.invoke(ErrorReportValve.java:93)
	at org.apache.catalina.core.StandardEngineValve.invoke(StandardEngineValve.java:74)
	at org.apache.catalina.connector.CoyoteAdapter.service(CoyoteAdapter.java:340)
	at org.apache.coyote.http11.Http11Processor.service(Http11Processor.java:391)
	at org.apache.coyote.AbstractProcessorLight.process(AbstractProcessorLight.java:63)
	at org.apache.coyote.AbstractProtocol$ConnectionHandler.process(AbstractProtocol.java:896)
	at org.apache.tomcat.util.net.NioEndpoint$SocketProcessor.doRun(NioEndpoint.java:1744)
	at org.apache.tomcat.util.net.SocketProcessorBase.run(SocketProcessorBase.java:52)
	at org.apache.tomcat.util.threads.ThreadPoolExecutor.runWorker(ThreadPoolExecutor.java:1191)
	at org.apache.tomcat.util.threads.ThreadPoolExecutor$Worker.run(ThreadPoolExecutor.java:659)
	at org.apache.tomcat.util.threads.TaskThread$WrappingRunnable.run(TaskThread.java:61)
	at java.base/java.lang.Thread.run(Thread.java:1583)
2026-06-20 10:06:21.387 [http-nio-8080-exec-1] DEBUG c.e.a.a.s.CustomUserDetailsService - Loading user by: admin@gmail.com
2026-06-20 10:06:21.389 [http-nio-8080-exec-1] DEBUG org.hibernate.SQL - 
    select
        u1_0.id,
        u1_0.created_at,
        u1_0.email,
        u1_0.email_verified,
        u1_0.enabled,
        u1_0.first_name,
        u1_0.last_login_at,
        u1_0.last_name,
        u1_0.password,
        u1_0.store_id,
        u1_0.updated_at,
        u1_0.username 
    from
        users u1_0 
    where
        u1_0.email=?
2026-06-20 10:06:21.391 [http-nio-8080-exec-1] DEBUG org.hibernate.SQL - 
    select
        r1_0.user_id,
        r1_1.id,
        r1_1.name,
        p1_0.role_id,
        p1_1.id,
        p1_1.created_at,
        p1_1.description,
        p1_1.name 
    from
        user_roles r1_0 
    join
        roles r1_1 
            on r1_1.id=r1_0.role_id 
    left join
        (role_permissions p1_0 
    join
        permissions p1_1 
            on p1_1.id=p1_0.permission_id) 
        on r1_1.id=p1_0.role_id 
    where
        r1_0.user_id=?
2026-06-20 10:06:21.394 [http-nio-8080-exec-1] DEBUG org.hibernate.SQL - 
    select
        p1_0.role_id,
        p1_1.id,
        p1_1.created_at,
        p1_1.description,
        p1_1.name 
    from
        role_permissions p1_0 
    join
        permissions p1_1 
            on p1_1.id=p1_0.permission_id 
    where
        p1_0.role_id=?
2026-06-20 10:06:21.395 [http-nio-8080-exec-1] DEBUG c.e.a.a.s.CustomUserDetailsService - User found: admin@gmail.com
2026-06-20 10:06:21.396 [http-nio-8080-exec-1] INFO  c.e.a.a.s.JwtAuthenticationFilter - 🔍 Authorities for user admin@gmail.com: [BRAND_UPDATE, CATEGORY_UPDATE, PRODUCT_CREATE, BRAND_DELETE, CATEGORY_READ, CUSTOMER_CREATE, ORDER_READ, INVENTORY_VIEW, USER_ASSIGN_ROLE, USER_CREATE, STORE_READ, ORDER_DELETE, CATEGORY_CREATE, ORDER_UPDATE, CUSTOMER_DELETE, BRAND_CREATE, INVENTORY_MANAGE, ORDER_REFUND, USER_READ, CATEGORY_DELETE, PRODUCT_READ, CUSTOMER_UPDATE, USER_DELETE, USER_UPDATE, REPORT_EXPORT, PRODUCT_DELETE, STORE_UPDATE, CUSTOMER_READ, SETTINGS_UPDATE, PRODUCT_UPDATE, REPORT_VIEW_SALES, REPORT_VIEW_INVENTORY, BRAND_READ, ROLE_ADMIN, ORDER_CREATE, SETTINGS_VIEW]
2026-06-20 10:06:21.396 [http-nio-8080-exec-1] DEBUG c.e.a.a.s.JwtAuthenticationFilter - Set authentication for user: admin@gmail.com in security context
2026-06-20 10:06:21.420 [http-nio-8080-exec-1] INFO  c.e.a.a.c.PermissionController - PUT /api/admin/permissions/ROLE_CASHIER/permissions - Assigning permissions: [PRODUCT_READ, ORDER_CREATE, ORDER_READ, CUSTOMER_READ, CUSTOMER_CREATE]
2026-06-20 10:06:21.421 [http-nio-8080-exec-1] INFO  c.e.a.a.s.PermissionManagementServiceImpl - Assigning permissions to role: ROLE_CASHIER
2026-06-20 10:06:21.423 [http-nio-8080-exec-1] DEBUG org.hibernate.SQL - 
    select
        r1_0.id,
        r1_0.name 
    from
        roles r1_0 
    where
        r1_0.name=?
2026-06-20 10:06:21.423 [http-nio-8080-exec-1] DEBUG org.hibernate.SQL - 
    select
        p1_0.role_id,
        p1_1.id,
        p1_1.created_at,
        p1_1.description,
        p1_1.name 
    from
        role_permissions p1_0 
    join
        permissions p1_1 
            on p1_1.id=p1_0.permission_id 
    where
        p1_0.role_id=?
2026-06-20 10:06:21.429 [http-nio-8080-exec-1] DEBUG org.hibernate.SQL - 
    select
        p1_0.id,
        p1_0.created_at,
        p1_0.description,
        p1_0.name 
    from
        permissions p1_0 
    where
        p1_0.name=?
2026-06-20 10:06:21.431 [http-nio-8080-exec-1] DEBUG org.hibernate.SQL - 
    select
        p1_0.id,
        p1_0.created_at,
        p1_0.description,
        p1_0.name 
    from
        permissions p1_0 
    where
        p1_0.name=?
2026-06-20 10:06:21.437 [http-nio-8080-exec-1] DEBUG org.hibernate.SQL - 
    select
        p1_0.id,
        p1_0.created_at,
        p1_0.description,
        p1_0.name 
    from
        permissions p1_0 
    where
        p1_0.name=?
2026-06-20 10:06:21.438 [http-nio-8080-exec-1] DEBUG org.hibernate.SQL - 
    select
        p1_0.id,
        p1_0.created_at,
        p1_0.description,
        p1_0.name 
    from
        permissions p1_0 
    where
        p1_0.name=?
2026-06-20 10:06:21.440 [http-nio-8080-exec-1] DEBUG org.hibernate.SQL - 
    select
        p1_0.id,
        p1_0.created_at,
        p1_0.description,
        p1_0.name 
    from
        permissions p1_0 
    where
        p1_0.name=?
2026-06-20 10:06:21.442 [http-nio-8080-exec-1] INFO  c.e.a.a.s.PermissionManagementServiceImpl - Permissions assigned successfully to role: ROLE_CASHIER
2026-06-20 10:06:21.450 [http-nio-8080-exec-1] DEBUG org.hibernate.SQL - 
    delete 
    from
        role_permissions 
    where
        role_id=?
2026-06-20 10:06:21.458 [http-nio-8080-exec-1] DEBUG org.hibernate.SQL - 
    insert 
    into
        role_permissions
        (role_id, permission_id) 
    values
        (?, ?)
2026-06-20 10:06:21.460 [http-nio-8080-exec-1] DEBUG org.hibernate.SQL - 
    insert 
    into
        role_permissions
        (role_id, permission_id) 
    values
        (?, ?)
2026-06-20 10:06:21.461 [http-nio-8080-exec-1] DEBUG org.hibernate.SQL - 
    insert 
    into
        role_permissions
        (role_id, permission_id) 
    values
        (?, ?)
2026-06-20 10:06:21.461 [http-nio-8080-exec-1] DEBUG org.hibernate.SQL - 
    insert 
    into
        role_permissions
        (role_id, permission_id) 
    values
        (?, ?)
2026-06-20 10:06:21.462 [http-nio-8080-exec-1] DEBUG org.hibernate.SQL - 
    insert 
    into
        role_permissions
        (role_id, permission_id) 
    values
        (?, ?)
2026-06-20 10:06:26.543 [http-nio-8080-exec-3] DEBUG c.e.a.a.s.CustomUserDetailsService - Loading user by: admin@gmail.com
2026-06-20 10:06:26.545 [http-nio-8080-exec-3] DEBUG org.hibernate.SQL - 
    select
        u1_0.id,
        u1_0.created_at,
        u1_0.email,
        u1_0.email_verified,
        u1_0.enabled,
        u1_0.first_name,
        u1_0.last_login_at,
        u1_0.last_name,
        u1_0.password,
        u1_0.store_id,
        u1_0.updated_at,
        u1_0.username 
    from
        users u1_0 
    where
        u1_0.email=?
2026-06-20 10:06:26.547 [http-nio-8080-exec-3] DEBUG org.hibernate.SQL - 
    select
        r1_0.user_id,
        r1_1.id,
        r1_1.name,
        p1_0.role_id,
        p1_1.id,
        p1_1.created_at,
        p1_1.description,
        p1_1.name 
    from
        user_roles r1_0 
    join
        roles r1_1 
            on r1_1.id=r1_0.role_id 
    left join
        (role_permissions p1_0 
    join
        permissions p1_1 
            on p1_1.id=p1_0.permission_id) 
        on r1_1.id=p1_0.role_id 
    where
        r1_0.user_id=?
2026-06-20 10:06:26.548 [http-nio-8080-exec-3] DEBUG org.hibernate.SQL - 
    select
        p1_0.role_id,
        p1_1.id,
        p1_1.created_at,
        p1_1.description,
        p1_1.name 
    from
        role_permissions p1_0 
    join
        permissions p1_1 
            on p1_1.id=p1_0.permission_id 
    where
        p1_0.role_id=?
2026-06-20 10:06:26.551 [http-nio-8080-exec-3] DEBUG c.e.a.a.s.CustomUserDetailsService - User found: admin@gmail.com
2026-06-20 10:06:26.553 [http-nio-8080-exec-3] INFO  c.e.a.a.s.JwtAuthenticationFilter - 🔍 Authorities for user admin@gmail.com: [BRAND_UPDATE, CATEGORY_UPDATE, PRODUCT_CREATE, BRAND_DELETE, CATEGORY_READ, CUSTOMER_CREATE, ORDER_READ, INVENTORY_VIEW, USER_ASSIGN_ROLE, USER_CREATE, STORE_READ, ORDER_DELETE, CATEGORY_CREATE, ORDER_UPDATE, CUSTOMER_DELETE, BRAND_CREATE, INVENTORY_MANAGE, ORDER_REFUND, USER_READ, CATEGORY_DELETE, PRODUCT_READ, CUSTOMER_UPDATE, USER_DELETE, USER_UPDATE, REPORT_EXPORT, PRODUCT_DELETE, STORE_UPDATE, CUSTOMER_READ, SETTINGS_UPDATE, PRODUCT_UPDATE, REPORT_VIEW_SALES, REPORT_VIEW_INVENTORY, BRAND_READ, ROLE_ADMIN, ORDER_CREATE, SETTINGS_VIEW]
2026-06-20 10:06:26.553 [http-nio-8080-exec-3] DEBUG c.e.a.a.s.JwtAuthenticationFilter - Set authentication for user: admin@gmail.com in security context
2026-06-20 10:06:26.555 [http-nio-8080-exec-3] INFO  c.e.a.a.c.PermissionController - GET /api/admin/permissions - Getting all permissions
2026-06-20 10:06:26.555 [http-nio-8080-exec-3] INFO  c.e.a.a.s.PermissionManagementServiceImpl - Fetching all permissions
2026-06-20 10:06:26.562 [http-nio-8080-exec-3] DEBUG org.hibernate.SQL - 
    select
        p1_0.id,
        p1_0.created_at,
        p1_0.description,
        p1_0.name 
    from
        permissions p1_0
2026-06-20 10:08:25.043 [http-nio-8080-exec-6] DEBUG c.e.a.a.s.CustomUserDetailsService - Loading user by: admin@gmail.com
2026-06-20 10:08:25.045 [http-nio-8080-exec-6] DEBUG org.hibernate.SQL - 
    select
        u1_0.id,
        u1_0.created_at,
        u1_0.email,
        u1_0.email_verified,
        u1_0.enabled,
        u1_0.first_name,
        u1_0.last_login_at,
        u1_0.last_name,
        u1_0.password,
        u1_0.store_id,
        u1_0.updated_at,
        u1_0.username 
    from
        users u1_0 
    where
        u1_0.email=?
2026-06-20 10:08:25.046 [http-nio-8080-exec-6] DEBUG org.hibernate.SQL - 
    select
        r1_0.user_id,
        r1_1.id,
        r1_1.name,
        p1_0.role_id,
        p1_1.id,
        p1_1.created_at,
        p1_1.description,
        p1_1.name 
    from
        user_roles r1_0 
    join
        roles r1_1 
            on r1_1.id=r1_0.role_id 
    left join
        (role_permissions p1_0 
    join
        permissions p1_1 
            on p1_1.id=p1_0.permission_id) 
        on r1_1.id=p1_0.role_id 
    where
        r1_0.user_id=?
2026-06-20 10:08:25.049 [http-nio-8080-exec-6] DEBUG org.hibernate.SQL - 
    select
        p1_0.role_id,
        p1_1.id,
        p1_1.created_at,
        p1_1.description,
        p1_1.name 
    from
        role_permissions p1_0 
    join
        permissions p1_1 
            on p1_1.id=p1_0.permission_id 
    where
        p1_0.role_id=?
2026-06-20 10:08:25.051 [http-nio-8080-exec-6] DEBUG c.e.a.a.s.CustomUserDetailsService - User found: admin@gmail.com
2026-06-20 10:08:25.051 [http-nio-8080-exec-6] INFO  c.e.a.a.s.JwtAuthenticationFilter - 🔍 Authorities for user admin@gmail.com: [BRAND_UPDATE, CATEGORY_UPDATE, PRODUCT_CREATE, BRAND_DELETE, CATEGORY_READ, CUSTOMER_CREATE, ORDER_READ, INVENTORY_VIEW, USER_ASSIGN_ROLE, USER_CREATE, STORE_READ, ORDER_DELETE, CATEGORY_CREATE, ORDER_UPDATE, CUSTOMER_DELETE, BRAND_CREATE, INVENTORY_MANAGE, ORDER_REFUND, USER_READ, CATEGORY_DELETE, PRODUCT_READ, CUSTOMER_UPDATE, USER_DELETE, USER_UPDATE, REPORT_EXPORT, PRODUCT_DELETE, STORE_UPDATE, CUSTOMER_READ, SETTINGS_UPDATE, PRODUCT_UPDATE, REPORT_VIEW_SALES, REPORT_VIEW_INVENTORY, BRAND_READ, ROLE_ADMIN, ORDER_CREATE, SETTINGS_VIEW]
2026-06-20 10:08:25.051 [http-nio-8080-exec-6] DEBUG c.e.a.a.s.JwtAuthenticationFilter - Set authentication for user: admin@gmail.com in security context
2026-06-20 10:08:25.053 [http-nio-8080-exec-6] ERROR c.e.a.c.e.GlobalExceptionHandler - Unexpected error occurred: 
org.springframework.web.HttpRequestMethodNotSupportedException: Request method 'POST' is not supported
	at org.springframework.web.servlet.mvc.method.RequestMappingInfoHandlerMapping.handleNoMatch(RequestMappingInfoHandlerMapping.java:265)
	at org.springframework.web.servlet.handler.AbstractHandlerMethodMapping.lookupHandlerMethod(AbstractHandlerMethodMapping.java:441)
	at org.springframework.web.servlet.handler.AbstractHandlerMethodMapping.getHandlerInternal(AbstractHandlerMethodMapping.java:382)
	at org.springframework.web.servlet.mvc.method.RequestMappingInfoHandlerMapping.getHandlerInternal(RequestMappingInfoHandlerMapping.java:126)
	at org.springframework.web.servlet.mvc.method.RequestMappingInfoHandlerMapping.getHandlerInternal(RequestMappingInfoHandlerMapping.java:68)
	at org.springframework.web.servlet.handler.AbstractHandlerMapping.getHandler(AbstractHandlerMapping.java:507)
	at org.springframework.web.servlet.DispatcherServlet.getHandler(DispatcherServlet.java:1283)
	at org.springframework.web.servlet.DispatcherServlet.doDispatch(DispatcherServlet.java:1065)
	at org.springframework.web.servlet.DispatcherServlet.doService(DispatcherServlet.java:979)
	at org.springframework.web.servlet.FrameworkServlet.processRequest(FrameworkServlet.java:1014)
	at org.springframework.web.servlet.FrameworkServlet.doPost(FrameworkServlet.java:914)
	at jakarta.servlet.http.HttpServlet.service(HttpServlet.java:590)
	at org.springframework.web.servlet.FrameworkServlet.service(FrameworkServlet.java:885)
	at jakarta.servlet.http.HttpServlet.service(HttpServlet.java:658)
	at org.apache.catalina.core.ApplicationFilterChain.internalDoFilter(ApplicationFilterChain.java:205)
	at org.apache.catalina.core.ApplicationFilterChain.doFilter(ApplicationFilterChain.java:149)
	at org.apache.tomcat.websocket.server.WsFilter.doFilter(WsFilter.java:51)
	at org.apache.catalina.core.ApplicationFilterChain.internalDoFilter(ApplicationFilterChain.java:174)
	at org.apache.catalina.core.ApplicationFilterChain.doFilter(ApplicationFilterChain.java:149)
	at org.springframework.web.filter.OncePerRequestFilter.doFilter(OncePerRequestFilter.java:110)
	at org.apache.catalina.core.ApplicationFilterChain.internalDoFilter(ApplicationFilterChain.java:174)
	at org.apache.catalina.core.ApplicationFilterChain.doFilter(ApplicationFilterChain.java:149)
	at org.springframework.security.web.FilterChainProxy.lambda$doFilterInternal$3(FilterChainProxy.java:231)
	at org.springframework.security.web.FilterChainProxy$VirtualFilterChain.doFilter(FilterChainProxy.java:365)
	at org.springframework.security.web.access.intercept.AuthorizationFilter.doFilter(AuthorizationFilter.java:100)
	at org.springframework.security.web.FilterChainProxy$VirtualFilterChain.doFilter(FilterChainProxy.java:374)
	at org.springframework.security.web.access.ExceptionTranslationFilter.doFilter(ExceptionTranslationFilter.java:126)
	at org.springframework.security.web.access.ExceptionTranslationFilter.doFilter(ExceptionTranslationFilter.java:120)
	at org.springframework.security.web.FilterChainProxy$VirtualFilterChain.doFilter(FilterChainProxy.java:374)
	at org.springframework.security.web.session.SessionManagementFilter.doFilter(SessionManagementFilter.java:131)
	at org.springframework.security.web.session.SessionManagementFilter.doFilter(SessionManagementFilter.java:85)
	at org.springframework.security.web.FilterChainProxy$VirtualFilterChain.doFilter(FilterChainProxy.java:374)
	at org.springframework.security.web.authentication.AnonymousAuthenticationFilter.doFilter(AnonymousAuthenticationFilter.java:100)
	at org.springframework.security.web.FilterChainProxy$VirtualFilterChain.doFilter(FilterChainProxy.java:374)
	at org.springframework.security.web.servletapi.SecurityContextHolderAwareRequestFilter.doFilter(SecurityContextHolderAwareRequestFilter.java:179)
	at org.springframework.security.web.FilterChainProxy$VirtualFilterChain.doFilter(FilterChainProxy.java:374)
	at org.springframework.security.web.savedrequest.RequestCacheAwareFilter.doFilter(RequestCacheAwareFilter.java:63)
	at org.springframework.security.web.FilterChainProxy$VirtualFilterChain.doFilter(FilterChainProxy.java:374)
	at com.example.auth_system.auth.security.JwtAuthenticationFilter.doFilterInternal(JwtAuthenticationFilter.java:65)
	at org.springframework.web.filter.OncePerRequestFilter.doFilter(OncePerRequestFilter.java:116)
	at org.springframework.security.web.FilterChainProxy$VirtualFilterChain.doFilter(FilterChainProxy.java:374)
	at org.springframework.security.web.authentication.logout.LogoutFilter.doFilter(LogoutFilter.java:107)
	at org.springframework.security.web.authentication.logout.LogoutFilter.doFilter(LogoutFilter.java:93)
	at org.springframework.security.web.FilterChainProxy$VirtualFilterChain.doFilter(FilterChainProxy.java:374)
	at org.springframework.security.web.header.HeaderWriterFilter.doHeadersAfter(HeaderWriterFilter.java:90)
	at org.springframework.security.web.header.HeaderWriterFilter.doFilterInternal(HeaderWriterFilter.java:75)
	at org.springframework.web.filter.OncePerRequestFilter.doFilter(OncePerRequestFilter.java:116)
	at org.springframework.security.web.FilterChainProxy$VirtualFilterChain.doFilter(FilterChainProxy.java:374)
	at org.springframework.security.web.context.SecurityContextHolderFilter.doFilter(SecurityContextHolderFilter.java:82)
	at org.springframework.security.web.context.SecurityContextHolderFilter.doFilter(SecurityContextHolderFilter.java:69)
	at org.springframework.security.web.FilterChainProxy$VirtualFilterChain.doFilter(FilterChainProxy.java:374)
	at org.springframework.security.web.context.request.async.WebAsyncManagerIntegrationFilter.doFilterInternal(WebAsyncManagerIntegrationFilter.java:62)
	at org.springframework.web.filter.OncePerRequestFilter.doFilter(OncePerRequestFilter.java:116)
	at org.springframework.security.web.FilterChainProxy$VirtualFilterChain.doFilter(FilterChainProxy.java:374)
	at org.springframework.security.web.session.DisableEncodeUrlFilter.doFilterInternal(DisableEncodeUrlFilter.java:42)
	at org.springframework.web.filter.OncePerRequestFilter.doFilter(OncePerRequestFilter.java:116)
	at org.springframework.security.web.FilterChainProxy$VirtualFilterChain.doFilter(FilterChainProxy.java:374)
	at org.springframework.security.web.FilterChainProxy.doFilterInternal(FilterChainProxy.java:233)
	at org.springframework.security.web.FilterChainProxy.doFilter(FilterChainProxy.java:191)
	at org.springframework.web.filter.DelegatingFilterProxy.invokeDelegate(DelegatingFilterProxy.java:352)
	at org.springframework.web.filter.DelegatingFilterProxy.doFilter(DelegatingFilterProxy.java:268)
	at org.apache.catalina.core.ApplicationFilterChain.internalDoFilter(ApplicationFilterChain.java:174)
	at org.apache.catalina.core.ApplicationFilterChain.doFilter(ApplicationFilterChain.java:149)
	at org.springframework.web.filter.RequestContextFilter.doFilterInternal(RequestContextFilter.java:100)
	at org.springframework.web.filter.OncePerRequestFilter.doFilter(OncePerRequestFilter.java:116)
	at org.apache.catalina.core.ApplicationFilterChain.internalDoFilter(ApplicationFilterChain.java:174)
	at org.apache.catalina.core.ApplicationFilterChain.doFilter(ApplicationFilterChain.java:149)
	at org.springframework.web.filter.FormContentFilter.doFilterInternal(FormContentFilter.java:93)
	at org.springframework.web.filter.OncePerRequestFilter.doFilter(OncePerRequestFilter.java:116)
	at org.apache.catalina.core.ApplicationFilterChain.internalDoFilter(ApplicationFilterChain.java:174)
	at org.apache.catalina.core.ApplicationFilterChain.doFilter(ApplicationFilterChain.java:149)
	at org.springframework.web.filter.CharacterEncodingFilter.doFilterInternal(CharacterEncodingFilter.java:201)
	at org.springframework.web.filter.OncePerRequestFilter.doFilter(OncePerRequestFilter.java:116)
	at org.apache.catalina.core.ApplicationFilterChain.internalDoFilter(ApplicationFilterChain.java:174)
	at org.apache.catalina.core.ApplicationFilterChain.doFilter(ApplicationFilterChain.java:149)
	at org.apache.catalina.core.StandardWrapperValve.invoke(StandardWrapperValve.java:167)
	at org.apache.catalina.core.StandardContextValve.invoke(StandardContextValve.java:90)
	at org.apache.catalina.authenticator.AuthenticatorBase.invoke(AuthenticatorBase.java:482)
	at org.apache.catalina.core.StandardHostValve.invoke(StandardHostValve.java:115)
	at org.apache.catalina.valves.ErrorReportValve.invoke(ErrorReportValve.java:93)
	at org.apache.catalina.core.StandardEngineValve.invoke(StandardEngineValve.java:74)
	at org.apache.catalina.connector.CoyoteAdapter.service(CoyoteAdapter.java:340)
	at org.apache.coyote.http11.Http11Processor.service(Http11Processor.java:391)
	at org.apache.coyote.AbstractProcessorLight.process(AbstractProcessorLight.java:63)
	at org.apache.coyote.AbstractProtocol$ConnectionHandler.process(AbstractProtocol.java:896)
	at org.apache.tomcat.util.net.NioEndpoint$SocketProcessor.doRun(NioEndpoint.java:1744)
	at org.apache.tomcat.util.net.SocketProcessorBase.run(SocketProcessorBase.java:52)
	at org.apache.tomcat.util.threads.ThreadPoolExecutor.runWorker(ThreadPoolExecutor.java:1191)
	at org.apache.tomcat.util.threads.ThreadPoolExecutor$Worker.run(ThreadPoolExecutor.java:659)
	at org.apache.tomcat.util.threads.TaskThread$WrappingRunnable.run(TaskThread.java:61)
	at java.base/java.lang.Thread.run(Thread.java:1583)
2026-06-20 10:15:32.958 [http-nio-8080-exec-7] DEBUG c.e.a.a.s.CustomUserDetailsService - Loading user by: admin@gmail.com
2026-06-20 10:15:32.961 [http-nio-8080-exec-7] DEBUG org.hibernate.SQL - 
    select
        u1_0.id,
        u1_0.created_at,
        u1_0.email,
        u1_0.email_verified,
        u1_0.enabled,
        u1_0.first_name,
        u1_0.last_login_at,
        u1_0.last_name,
        u1_0.password,
        u1_0.store_id,
        u1_0.updated_at,
        u1_0.username 
    from
        users u1_0 
    where
        u1_0.email=?
2026-06-20 10:15:32.963 [http-nio-8080-exec-7] DEBUG org.hibernate.SQL - 
    select
        r1_0.user_id,
        r1_1.id,
        r1_1.name,
        p1_0.role_id,
        p1_1.id,
        p1_1.created_at,
        p1_1.description,
        p1_1.name 
    from
        user_roles r1_0 
    join
        roles r1_1 
            on r1_1.id=r1_0.role_id 
    left join
        (role_permissions p1_0 
    join
        permissions p1_1 
            on p1_1.id=p1_0.permission_id) 
        on r1_1.id=p1_0.role_id 
    where
        r1_0.user_id=?
2026-06-20 10:15:32.965 [http-nio-8080-exec-7] DEBUG org.hibernate.SQL - 
    select
        p1_0.role_id,
        p1_1.id,
        p1_1.created_at,
        p1_1.description,
        p1_1.name 
    from
        role_permissions p1_0 
    join
        permissions p1_1 
            on p1_1.id=p1_0.permission_id 
    where
        p1_0.role_id=?
2026-06-20 10:15:32.966 [http-nio-8080-exec-7] DEBUG c.e.a.a.s.CustomUserDetailsService - User found: admin@gmail.com
2026-06-20 10:15:32.967 [http-nio-8080-exec-7] INFO  c.e.a.a.s.JwtAuthenticationFilter - 🔍 Authorities for user admin@gmail.com: [BRAND_UPDATE, CATEGORY_UPDATE, PRODUCT_CREATE, BRAND_DELETE, CATEGORY_READ, CUSTOMER_CREATE, ORDER_READ, INVENTORY_VIEW, USER_ASSIGN_ROLE, USER_CREATE, STORE_READ, ORDER_DELETE, CATEGORY_CREATE, ORDER_UPDATE, CUSTOMER_DELETE, BRAND_CREATE, INVENTORY_MANAGE, ORDER_REFUND, USER_READ, CATEGORY_DELETE, PRODUCT_READ, CUSTOMER_UPDATE, USER_DELETE, USER_UPDATE, REPORT_EXPORT, PRODUCT_DELETE, STORE_UPDATE, CUSTOMER_READ, SETTINGS_UPDATE, PRODUCT_UPDATE, REPORT_VIEW_SALES, REPORT_VIEW_INVENTORY, BRAND_READ, ROLE_ADMIN, ORDER_CREATE, SETTINGS_VIEW]
2026-06-20 10:15:32.967 [http-nio-8080-exec-7] DEBUG c.e.a.a.s.JwtAuthenticationFilter - Set authentication for user: admin@gmail.com in security context
2026-06-20 10:15:32.969 [http-nio-8080-exec-7] ERROR c.e.a.c.e.GlobalExceptionHandler - Unexpected error occurred: 
org.springframework.web.HttpRequestMethodNotSupportedException: Request method 'POST' is not supported
	at org.springframework.web.servlet.mvc.method.RequestMappingInfoHandlerMapping.handleNoMatch(RequestMappingInfoHandlerMapping.java:265)
	at org.springframework.web.servlet.handler.AbstractHandlerMethodMapping.lookupHandlerMethod(AbstractHandlerMethodMapping.java:441)
	at org.springframework.web.servlet.handler.AbstractHandlerMethodMapping.getHandlerInternal(AbstractHandlerMethodMapping.java:382)
	at org.springframework.web.servlet.mvc.method.RequestMappingInfoHandlerMapping.getHandlerInternal(RequestMappingInfoHandlerMapping.java:126)
	at org.springframework.web.servlet.mvc.method.RequestMappingInfoHandlerMapping.getHandlerInternal(RequestMappingInfoHandlerMapping.java:68)
	at org.springframework.web.servlet.handler.AbstractHandlerMapping.getHandler(AbstractHandlerMapping.java:507)
	at org.springframework.web.servlet.DispatcherServlet.getHandler(DispatcherServlet.java:1283)
	at org.springframework.web.servlet.DispatcherServlet.doDispatch(DispatcherServlet.java:1065)
	at org.springframework.web.servlet.DispatcherServlet.doService(DispatcherServlet.java:979)
	at org.springframework.web.servlet.FrameworkServlet.processRequest(FrameworkServlet.java:1014)
	at org.springframework.web.servlet.FrameworkServlet.doPost(FrameworkServlet.java:914)
	at jakarta.servlet.http.HttpServlet.service(HttpServlet.java:590)
	at org.springframework.web.servlet.FrameworkServlet.service(FrameworkServlet.java:885)
	at jakarta.servlet.http.HttpServlet.service(HttpServlet.java:658)
	at org.apache.catalina.core.ApplicationFilterChain.internalDoFilter(ApplicationFilterChain.java:205)
	at org.apache.catalina.core.ApplicationFilterChain.doFilter(ApplicationFilterChain.java:149)
	at org.apache.tomcat.websocket.server.WsFilter.doFilter(WsFilter.java:51)
	at org.apache.catalina.core.ApplicationFilterChain.internalDoFilter(ApplicationFilterChain.java:174)
	at org.apache.catalina.core.ApplicationFilterChain.doFilter(ApplicationFilterChain.java:149)
	at org.springframework.web.filter.OncePerRequestFilter.doFilter(OncePerRequestFilter.java:110)
	at org.apache.catalina.core.ApplicationFilterChain.internalDoFilter(ApplicationFilterChain.java:174)
	at org.apache.catalina.core.ApplicationFilterChain.doFilter(ApplicationFilterChain.java:149)
	at org.springframework.security.web.FilterChainProxy.lambda$doFilterInternal$3(FilterChainProxy.java:231)
	at org.springframework.security.web.FilterChainProxy$VirtualFilterChain.doFilter(FilterChainProxy.java:365)
	at org.springframework.security.web.access.intercept.AuthorizationFilter.doFilter(AuthorizationFilter.java:100)
	at org.springframework.security.web.FilterChainProxy$VirtualFilterChain.doFilter(FilterChainProxy.java:374)
	at org.springframework.security.web.access.ExceptionTranslationFilter.doFilter(ExceptionTranslationFilter.java:126)
	at org.springframework.security.web.access.ExceptionTranslationFilter.doFilter(ExceptionTranslationFilter.java:120)
	at org.springframework.security.web.FilterChainProxy$VirtualFilterChain.doFilter(FilterChainProxy.java:374)
	at org.springframework.security.web.session.SessionManagementFilter.doFilter(SessionManagementFilter.java:131)
	at org.springframework.security.web.session.SessionManagementFilter.doFilter(SessionManagementFilter.java:85)
	at org.springframework.security.web.FilterChainProxy$VirtualFilterChain.doFilter(FilterChainProxy.java:374)
	at org.springframework.security.web.authentication.AnonymousAuthenticationFilter.doFilter(AnonymousAuthenticationFilter.java:100)
	at org.springframework.security.web.FilterChainProxy$VirtualFilterChain.doFilter(FilterChainProxy.java:374)
	at org.springframework.security.web.servletapi.SecurityContextHolderAwareRequestFilter.doFilter(SecurityContextHolderAwareRequestFilter.java:179)
	at org.springframework.security.web.FilterChainProxy$VirtualFilterChain.doFilter(FilterChainProxy.java:374)
	at org.springframework.security.web.savedrequest.RequestCacheAwareFilter.doFilter(RequestCacheAwareFilter.java:63)
	at org.springframework.security.web.FilterChainProxy$VirtualFilterChain.doFilter(FilterChainProxy.java:374)
	at com.example.auth_system.auth.security.JwtAuthenticationFilter.doFilterInternal(JwtAuthenticationFilter.java:65)
	at org.springframework.web.filter.OncePerRequestFilter.doFilter(OncePerRequestFilter.java:116)
	at org.springframework.security.web.FilterChainProxy$VirtualFilterChain.doFilter(FilterChainProxy.java:374)
	at org.springframework.security.web.authentication.logout.LogoutFilter.doFilter(LogoutFilter.java:107)
	at org.springframework.security.web.authentication.logout.LogoutFilter.doFilter(LogoutFilter.java:93)
	at org.springframework.security.web.FilterChainProxy$VirtualFilterChain.doFilter(FilterChainProxy.java:374)
	at org.springframework.security.web.header.HeaderWriterFilter.doHeadersAfter(HeaderWriterFilter.java:90)
	at org.springframework.security.web.header.HeaderWriterFilter.doFilterInternal(HeaderWriterFilter.java:75)
	at org.springframework.web.filter.OncePerRequestFilter.doFilter(OncePerRequestFilter.java:116)
	at org.springframework.security.web.FilterChainProxy$VirtualFilterChain.doFilter(FilterChainProxy.java:374)
	at org.springframework.security.web.context.SecurityContextHolderFilter.doFilter(SecurityContextHolderFilter.java:82)
	at org.springframework.security.web.context.SecurityContextHolderFilter.doFilter(SecurityContextHolderFilter.java:69)
	at org.springframework.security.web.FilterChainProxy$VirtualFilterChain.doFilter(FilterChainProxy.java:374)
	at org.springframework.security.web.context.request.async.WebAsyncManagerIntegrationFilter.doFilterInternal(WebAsyncManagerIntegrationFilter.java:62)
	at org.springframework.web.filter.OncePerRequestFilter.doFilter(OncePerRequestFilter.java:116)
	at org.springframework.security.web.FilterChainProxy$VirtualFilterChain.doFilter(FilterChainProxy.java:374)
	at org.springframework.security.web.session.DisableEncodeUrlFilter.doFilterInternal(DisableEncodeUrlFilter.java:42)
	at org.springframework.web.filter.OncePerRequestFilter.doFilter(OncePerRequestFilter.java:116)
	at org.springframework.security.web.FilterChainProxy$VirtualFilterChain.doFilter(FilterChainProxy.java:374)
	at org.springframework.security.web.FilterChainProxy.doFilterInternal(FilterChainProxy.java:233)
	at org.springframework.security.web.FilterChainProxy.doFilter(FilterChainProxy.java:191)
	at org.springframework.web.filter.DelegatingFilterProxy.invokeDelegate(DelegatingFilterProxy.java:352)
	at org.springframework.web.filter.DelegatingFilterProxy.doFilter(DelegatingFilterProxy.java:268)
	at org.apache.catalina.core.ApplicationFilterChain.internalDoFilter(ApplicationFilterChain.java:174)
	at org.apache.catalina.core.ApplicationFilterChain.doFilter(ApplicationFilterChain.java:149)
	at org.springframework.web.filter.RequestContextFilter.doFilterInternal(RequestContextFilter.java:100)
	at org.springframework.web.filter.OncePerRequestFilter.doFilter(OncePerRequestFilter.java:116)
	at org.apache.catalina.core.ApplicationFilterChain.internalDoFilter(ApplicationFilterChain.java:174)
	at org.apache.catalina.core.ApplicationFilterChain.doFilter(ApplicationFilterChain.java:149)
	at org.springframework.web.filter.FormContentFilter.doFilterInternal(FormContentFilter.java:93)
	at org.springframework.web.filter.OncePerRequestFilter.doFilter(OncePerRequestFilter.java:116)
	at org.apache.catalina.core.ApplicationFilterChain.internalDoFilter(ApplicationFilterChain.java:174)
	at org.apache.catalina.core.ApplicationFilterChain.doFilter(ApplicationFilterChain.java:149)
	at org.springframework.web.filter.CharacterEncodingFilter.doFilterInternal(CharacterEncodingFilter.java:201)
	at org.springframework.web.filter.OncePerRequestFilter.doFilter(OncePerRequestFilter.java:116)
	at org.apache.catalina.core.ApplicationFilterChain.internalDoFilter(ApplicationFilterChain.java:174)
	at org.apache.catalina.core.ApplicationFilterChain.doFilter(ApplicationFilterChain.java:149)
	at org.apache.catalina.core.StandardWrapperValve.invoke(StandardWrapperValve.java:167)
	at org.apache.catalina.core.StandardContextValve.invoke(StandardContextValve.java:90)
	at org.apache.catalina.authenticator.AuthenticatorBase.invoke(AuthenticatorBase.java:482)
	at org.apache.catalina.core.StandardHostValve.invoke(StandardHostValve.java:115)
	at org.apache.catalina.valves.ErrorReportValve.invoke(ErrorReportValve.java:93)
	at org.apache.catalina.core.StandardEngineValve.invoke(StandardEngineValve.java:74)
	at org.apache.catalina.connector.CoyoteAdapter.service(CoyoteAdapter.java:340)
	at org.apache.coyote.http11.Http11Processor.service(Http11Processor.java:391)
	at org.apache.coyote.AbstractProcessorLight.process(AbstractProcessorLight.java:63)
	at org.apache.coyote.AbstractProtocol$ConnectionHandler.process(AbstractProtocol.java:896)
	at org.apache.tomcat.util.net.NioEndpoint$SocketProcessor.doRun(NioEndpoint.java:1744)
	at org.apache.tomcat.util.net.SocketProcessorBase.run(SocketProcessorBase.java:52)
	at org.apache.tomcat.util.threads.ThreadPoolExecutor.runWorker(ThreadPoolExecutor.java:1191)
	at org.apache.tomcat.util.threads.ThreadPoolExecutor$Worker.run(ThreadPoolExecutor.java:659)
	at org.apache.tomcat.util.threads.TaskThread$WrappingRunnable.run(TaskThread.java:61)
	at java.base/java.lang.Thread.run(Thread.java:1583)
2026-06-20 10:15:40.105 [SpringApplicationShutdownHook] INFO  o.s.o.j.LocalContainerEntityManagerFactoryBean - Closing JPA EntityManagerFactory for persistence unit 'default'
2026-06-20 10:15:40.108 [SpringApplicationShutdownHook] INFO  com.zaxxer.hikari.HikariDataSource - HikariPool-1 - Shutdown initiated...
2026-06-20 10:15:40.110 [SpringApplicationShutdownHook] INFO  com.zaxxer.hikari.HikariDataSource - HikariPool-1 - Shutdown completed.
2026-06-20 10:33:05.142 [main] INFO  c.e.a.AuthSystemApplication - Starting AuthSystemApplication using Java 21.0.11 with PID 23912 (C:\Users\hp\Desktop\Ei Khaing Soe\auth-system\auth-system\target\classes started by hp in C:\Users\hp\Desktop\Ei Khaing Soe\auth-system)
2026-06-20 10:33:05.147 [main] DEBUG c.e.a.AuthSystemApplication - Running with Spring Boot v3.2.0, Spring v6.1.1
2026-06-20 10:33:05.147 [main] INFO  c.e.a.AuthSystemApplication - No active profile set, falling back to 1 default profile: "default"
2026-06-20 10:33:06.002 [main] INFO  o.s.d.r.c.RepositoryConfigurationDelegate - Bootstrapping Spring Data JPA repositories in DEFAULT mode.
2026-06-20 10:33:06.091 [main] INFO  o.s.d.r.c.RepositoryConfigurationDelegate - Finished Spring Data repository scanning in 82 ms. Found 7 JPA repository interfaces.
2026-06-20 10:33:07.068 [main] INFO  o.s.b.w.e.tomcat.TomcatWebServer - Tomcat initialized with port 8080 (http)
2026-06-20 10:33:07.084 [main] INFO  o.a.catalina.core.StandardService - Starting service [Tomcat]
2026-06-20 10:33:07.085 [main] INFO  o.a.catalina.core.StandardEngine - Starting Servlet engine: [Apache Tomcat/10.1.16]
2026-06-20 10:33:07.168 [main] INFO  o.a.c.c.C.[Tomcat].[localhost].[/] - Initializing Spring embedded WebApplicationContext
2026-06-20 10:33:07.169 [main] INFO  o.s.b.w.s.c.ServletWebServerApplicationContext - Root WebApplicationContext: initialization completed in 1971 ms
2026-06-20 10:33:07.319 [main] INFO  com.zaxxer.hikari.HikariDataSource - HikariPool-1 - Starting...
2026-06-20 10:33:07.570 [main] INFO  com.zaxxer.hikari.pool.HikariPool - HikariPool-1 - Added connection org.postgresql.jdbc.PgConnection@7911cc15
2026-06-20 10:33:07.570 [main] INFO  com.zaxxer.hikari.HikariDataSource - HikariPool-1 - Start completed.
2026-06-20 10:33:07.771 [main] INFO  o.f.c.i.s.classpath.ClassPathScanner - Flyway OSS Edition 10.0.0 by Redgate
2026-06-20 10:33:07.771 [main] INFO  o.f.c.i.s.classpath.ClassPathScanner - 
2026-06-20 10:33:07.771 [main] INFO  o.f.c.i.s.classpath.ClassPathScanner - See release notes here: https://rd.gt/416ObMi
2026-06-20 10:33:07.810 [main] INFO  org.flywaydb.core.FlywayExecutor - Database: jdbc:postgresql://localhost:5432/auth-db (PostgreSQL 18.4)
2026-06-20 10:33:07.821 [main] WARN  o.f.c.i.database.base.Database - Flyway upgrade recommended: PostgreSQL 18.4 is newer than this version of Flyway and support has not been tested. The latest supported version of PostgreSQL is 15.
2026-06-20 10:33:07.894 [main] INFO  o.f.core.internal.command.DbValidate - Successfully validated 25 migrations (execution time 00:00.055s)
2026-06-20 10:33:07.903 [main] INFO  o.f.core.internal.command.DbMigrate - Current version of schema "public": 25
2026-06-20 10:33:07.906 [main] INFO  o.f.core.internal.command.DbMigrate - Schema "public" is up to date. No migration necessary.
2026-06-20 10:33:07.992 [main] INFO  o.h.jpa.internal.util.LogHelper - HHH000204: Processing PersistenceUnitInfo [name: default]
2026-06-20 10:33:08.037 [main] INFO  org.hibernate.Version - HHH000412: Hibernate ORM core version 6.3.1.Final
2026-06-20 10:33:08.067 [main] INFO  o.h.c.i.RegionFactoryInitiator - HHH000026: Second-level cache disabled
2026-06-20 10:33:08.231 [main] INFO  o.s.o.j.p.SpringPersistenceUnitInfo - No LoadTimeWeaver setup: ignoring JPA class transformer
2026-06-20 10:33:09.001 [main] INFO  o.h.e.t.j.p.i.JtaPlatformInitiator - HHH000489: No JTA platform available (set 'hibernate.transaction.jta.platform' to enable JTA platform integration)
2026-06-20 10:33:09.001 [main] INFO  o.s.o.j.LocalContainerEntityManagerFactoryBean - Initialized JPA EntityManagerFactory for persistence unit 'default'
2026-06-20 10:33:09.328 [main] INFO  o.s.d.j.r.query.QueryEnhancerFactory - Hibernate is in classpath; If applicable, HQL parser will be used.
2026-06-20 10:33:09.852 [main] DEBUG c.e.a.a.s.JwtAuthenticationFilter - Filter 'jwtAuthenticationFilter' configured for use
2026-06-20 10:33:10.485 [main] WARN  o.s.b.a.o.j.JpaBaseConfiguration$JpaWebConfiguration - spring.jpa.open-in-view is enabled by default. Therefore, database queries may be performed during view rendering. Explicitly configure spring.jpa.open-in-view to disable this warning
2026-06-20 10:33:10.855 [main] INFO  o.s.s.web.DefaultSecurityFilterChain - Will secure any request with [org.springframework.security.web.session.DisableEncodeUrlFilter@513babf3, org.springframework.security.web.context.request.async.WebAsyncManagerIntegrationFilter@6cf50207, org.springframework.security.web.context.SecurityContextHolderFilter@4ba7dfce, org.springframework.security.web.header.HeaderWriterFilter@238869e8, org.springframework.security.web.authentication.logout.LogoutFilter@13dff835, com.example.auth_system.auth.security.JwtAuthenticationFilter@b926efa, org.springframework.security.web.savedrequest.RequestCacheAwareFilter@7054b8a1, org.springframework.security.web.servletapi.SecurityContextHolderAwareRequestFilter@3d5f6088, org.springframework.security.web.authentication.AnonymousAuthenticationFilter@3f707d71, org.springframework.security.web.session.SessionManagementFilter@5a54d05f, org.springframework.security.web.access.ExceptionTranslationFilter@6831286e, org.springframework.security.web.access.intercept.AuthorizationFilter@7b74883]
2026-06-20 10:33:11.320 [main] WARN  o.s.b.w.s.c.AnnotationConfigServletWebServerApplicationContext - Exception encountered during context initialization - cancelling refresh attempt: org.springframework.context.ApplicationContextException: Failed to start bean 'webServerStartStop'
2026-06-20 10:33:11.320 [main] INFO  o.s.o.j.LocalContainerEntityManagerFactoryBean - Closing JPA EntityManagerFactory for persistence unit 'default'
2026-06-20 10:33:11.337 [main] INFO  com.zaxxer.hikari.HikariDataSource - HikariPool-1 - Shutdown initiated...
2026-06-20 10:33:11.343 [main] INFO  com.zaxxer.hikari.HikariDataSource - HikariPool-1 - Shutdown completed.
2026-06-20 10:33:11.359 [main] INFO  o.s.b.a.l.ConditionEvaluationReportLogger - 

Error starting ApplicationContext. To display the condition evaluation report re-run your application with 'debug' enabled.
2026-06-20 10:33:11.376 [main] ERROR o.s.b.d.LoggingFailureAnalysisReporter - 

***************************
APPLICATION FAILED TO START
***************************

Description:

Web server failed to start. Port 8080 was already in use.

Action:

Identify and stop the process that's listening on port 8080 or configure this application to listen on another port.

2026-06-20 10:33:21.684 [main] INFO  c.e.a.AuthSystemApplication - Starting AuthSystemApplication using Java 21.0.11 with PID 11784 (C:\Users\hp\Desktop\Ei Khaing Soe\auth-system\auth-system\target\classes started by hp in C:\Users\hp\Desktop\Ei Khaing Soe\auth-system)
2026-06-20 10:33:21.685 [main] DEBUG c.e.a.AuthSystemApplication - Running with Spring Boot v3.2.0, Spring v6.1.1
2026-06-20 10:33:21.687 [main] INFO  c.e.a.AuthSystemApplication - No active profile set, falling back to 1 default profile: "default"
2026-06-20 10:33:22.545 [main] INFO  o.s.d.r.c.RepositoryConfigurationDelegate - Bootstrapping Spring Data JPA repositories in DEFAULT mode.
2026-06-20 10:33:22.638 [main] INFO  o.s.d.r.c.RepositoryConfigurationDelegate - Finished Spring Data repository scanning in 80 ms. Found 7 JPA repository interfaces.
2026-06-20 10:33:23.605 [main] INFO  o.s.b.w.e.tomcat.TomcatWebServer - Tomcat initialized with port 8080 (http)
2026-06-20 10:33:23.628 [main] INFO  o.a.catalina.core.StandardService - Starting service [Tomcat]
2026-06-20 10:33:23.629 [main] INFO  o.a.catalina.core.StandardEngine - Starting Servlet engine: [Apache Tomcat/10.1.16]
2026-06-20 10:33:23.693 [main] INFO  o.a.c.c.C.[Tomcat].[localhost].[/] - Initializing Spring embedded WebApplicationContext
2026-06-20 10:33:23.694 [main] INFO  o.s.b.w.s.c.ServletWebServerApplicationContext - Root WebApplicationContext: initialization completed in 1964 ms
2026-06-20 10:33:23.847 [main] INFO  com.zaxxer.hikari.HikariDataSource - HikariPool-1 - Starting...
2026-06-20 10:33:24.147 [main] INFO  com.zaxxer.hikari.pool.HikariPool - HikariPool-1 - Added connection org.postgresql.jdbc.PgConnection@242ff747
2026-06-20 10:33:24.149 [main] INFO  com.zaxxer.hikari.HikariDataSource - HikariPool-1 - Start completed.
2026-06-20 10:33:24.397 [main] INFO  o.f.c.i.s.classpath.ClassPathScanner - Flyway OSS Edition 10.0.0 by Redgate
2026-06-20 10:33:24.397 [main] INFO  o.f.c.i.s.classpath.ClassPathScanner - 
2026-06-20 10:33:24.398 [main] INFO  o.f.c.i.s.classpath.ClassPathScanner - See release notes here: https://rd.gt/416ObMi
2026-06-20 10:33:24.416 [main] INFO  org.flywaydb.core.FlywayExecutor - Database: jdbc:postgresql://localhost:5432/auth-db (PostgreSQL 18.4)
2026-06-20 10:33:24.427 [main] WARN  o.f.c.i.database.base.Database - Flyway upgrade recommended: PostgreSQL 18.4 is newer than this version of Flyway and support has not been tested. The latest supported version of PostgreSQL is 15.
2026-06-20 10:33:24.489 [main] INFO  o.f.core.internal.command.DbValidate - Successfully validated 25 migrations (execution time 00:00.051s)
2026-06-20 10:33:24.499 [main] INFO  o.f.core.internal.command.DbMigrate - Current version of schema "public": 25
2026-06-20 10:33:24.503 [main] INFO  o.f.core.internal.command.DbMigrate - Schema "public" is up to date. No migration necessary.
2026-06-20 10:33:24.605 [main] INFO  o.h.jpa.internal.util.LogHelper - HHH000204: Processing PersistenceUnitInfo [name: default]
2026-06-20 10:33:24.659 [main] INFO  org.hibernate.Version - HHH000412: Hibernate ORM core version 6.3.1.Final
2026-06-20 10:33:24.702 [main] INFO  o.h.c.i.RegionFactoryInitiator - HHH000026: Second-level cache disabled
2026-06-20 10:33:24.874 [main] INFO  o.s.o.j.p.SpringPersistenceUnitInfo - No LoadTimeWeaver setup: ignoring JPA class transformer
2026-06-20 10:33:25.702 [main] INFO  o.h.e.t.j.p.i.JtaPlatformInitiator - HHH000489: No JTA platform available (set 'hibernate.transaction.jta.platform' to enable JTA platform integration)
2026-06-20 10:33:25.705 [main] INFO  o.s.o.j.LocalContainerEntityManagerFactoryBean - Initialized JPA EntityManagerFactory for persistence unit 'default'
2026-06-20 10:33:26.066 [main] INFO  o.s.d.j.r.query.QueryEnhancerFactory - Hibernate is in classpath; If applicable, HQL parser will be used.
2026-06-20 10:33:26.677 [main] DEBUG c.e.a.a.s.JwtAuthenticationFilter - Filter 'jwtAuthenticationFilter' configured for use
2026-06-20 10:33:27.492 [main] WARN  o.s.b.a.o.j.JpaBaseConfiguration$JpaWebConfiguration - spring.jpa.open-in-view is enabled by default. Therefore, database queries may be performed during view rendering. Explicitly configure spring.jpa.open-in-view to disable this warning
2026-06-20 10:33:27.932 [main] INFO  o.s.s.web.DefaultSecurityFilterChain - Will secure any request with [org.springframework.security.web.session.DisableEncodeUrlFilter@7b74883, org.springframework.security.web.context.request.async.WebAsyncManagerIntegrationFilter@75f4c44c, org.springframework.security.web.context.SecurityContextHolderFilter@5a54d05f, org.springframework.security.web.header.HeaderWriterFilter@496203da, org.springframework.security.web.authentication.logout.LogoutFilter@51e68bcd, com.example.auth_system.auth.security.JwtAuthenticationFilter@65595be7, org.springframework.security.web.savedrequest.RequestCacheAwareFilter@71878833, org.springframework.security.web.servletapi.SecurityContextHolderAwareRequestFilter@4ba7dfce, org.springframework.security.web.authentication.AnonymousAuthenticationFilter@31b70b2a, org.springframework.security.web.session.SessionManagementFilter@218da1f9, org.springframework.security.web.access.ExceptionTranslationFilter@18ad543b, org.springframework.security.web.access.intercept.AuthorizationFilter@1a5d0d94]
2026-06-20 10:33:28.533 [main] WARN  o.s.b.w.s.c.AnnotationConfigServletWebServerApplicationContext - Exception encountered during context initialization - cancelling refresh attempt: org.springframework.context.ApplicationContextException: Failed to start bean 'webServerStartStop'
2026-06-20 10:33:28.537 [main] INFO  o.s.o.j.LocalContainerEntityManagerFactoryBean - Closing JPA EntityManagerFactory for persistence unit 'default'
2026-06-20 10:33:28.540 [main] INFO  com.zaxxer.hikari.HikariDataSource - HikariPool-1 - Shutdown initiated...
2026-06-20 10:33:28.545 [main] INFO  com.zaxxer.hikari.HikariDataSource - HikariPool-1 - Shutdown completed.
2026-06-20 10:33:28.564 [main] INFO  o.s.b.a.l.ConditionEvaluationReportLogger - 

Error starting ApplicationContext. To display the condition evaluation report re-run your application with 'debug' enabled.
2026-06-20 10:33:28.581 [main] ERROR o.s.b.d.LoggingFailureAnalysisReporter - 

***************************
APPLICATION FAILED TO START
***************************

Description:

Web server failed to start. Port 8080 was already in use.

Action:

Identify and stop the process that's listening on port 8080 or configure this application to listen on another port.

