2026-07-20 09:57:44.979 [restartedMain] INFO  c.e.a.AuthSystemApplication - Starting AuthSystemApplication using Java 21.0.11 with PID 3884 (C:\Users\hp\Desktop\Ei Khaing Soe\auth-system\auth-system\target\classes started by hp in C:\Users\hp\Desktop\Ei Khaing Soe\auth-system\auth-system)
2026-07-20 09:57:44.988 [restartedMain] DEBUG c.e.a.AuthSystemApplication - Running with Spring Boot v3.2.0, Spring v6.1.1
2026-07-20 09:57:44.989 [restartedMain] INFO  c.e.a.AuthSystemApplication - No active profile set, falling back to 1 default profile: "default"
2026-07-20 09:57:45.054 [restartedMain] INFO  o.s.b.d.e.DevToolsPropertyDefaultsPostProcessor - Devtools property defaults active! Set 'spring.devtools.add-properties' to 'false' to disable
2026-07-20 09:57:45.055 [restartedMain] INFO  o.s.b.d.e.DevToolsPropertyDefaultsPostProcessor - For additional web related logging consider setting the 'logging.level.web' property to 'DEBUG'
2026-07-20 09:57:46.119 [restartedMain] INFO  o.s.d.r.c.RepositoryConfigurationDelegate - Bootstrapping Spring Data JPA repositories in DEFAULT mode.
2026-07-20 09:57:46.330 [restartedMain] INFO  o.s.d.r.c.RepositoryConfigurationDelegate - Finished Spring Data repository scanning in 201 ms. Found 30 JPA repository interfaces.
2026-07-20 09:57:47.204 [restartedMain] INFO  o.s.b.w.e.tomcat.TomcatWebServer - Tomcat initialized with port 8080 (http)
2026-07-20 09:57:47.223 [restartedMain] INFO  o.a.catalina.core.StandardService - Starting service [Tomcat]
2026-07-20 09:57:47.224 [restartedMain] INFO  o.a.catalina.core.StandardEngine - Starting Servlet engine: [Apache Tomcat/10.1.16]
2026-07-20 09:57:47.309 [restartedMain] INFO  o.a.c.c.C.[Tomcat].[localhost].[/] - Initializing Spring embedded WebApplicationContext
2026-07-20 09:57:47.309 [restartedMain] INFO  o.s.b.w.s.c.ServletWebServerApplicationContext - Root WebApplicationContext: initialization completed in 2252 ms
2026-07-20 09:57:47.457 [restartedMain] INFO  com.zaxxer.hikari.HikariDataSource - HikariPool-1 - Starting...
2026-07-20 09:57:47.770 [restartedMain] INFO  com.zaxxer.hikari.pool.HikariPool - HikariPool-1 - Added connection org.postgresql.jdbc.PgConnection@1cdd0154
2026-07-20 09:57:47.771 [restartedMain] INFO  com.zaxxer.hikari.HikariDataSource - HikariPool-1 - Start completed.
2026-07-20 09:57:47.977 [restartedMain] INFO  o.f.c.i.s.classpath.ClassPathScanner - Flyway OSS Edition 10.0.0 by Redgate
2026-07-20 09:57:47.977 [restartedMain] INFO  o.f.c.i.s.classpath.ClassPathScanner - 
2026-07-20 09:57:47.978 [restartedMain] INFO  o.f.c.i.s.classpath.ClassPathScanner - See release notes here: https://rd.gt/416ObMi
2026-07-20 09:57:47.993 [restartedMain] INFO  org.flywaydb.core.FlywayExecutor - Database: jdbc:postgresql://localhost:5432/auth-db (PostgreSQL 18.4)
2026-07-20 09:57:48.002 [restartedMain] WARN  o.f.c.i.database.base.Database - Flyway upgrade recommended: PostgreSQL 18.4 is newer than this version of Flyway and support has not been tested. The latest supported version of PostgreSQL is 15.
2026-07-20 09:57:48.080 [restartedMain] INFO  o.f.core.internal.command.DbMigrate - Current version of schema "public": 32
2026-07-20 09:57:48.080 [restartedMain] WARN  o.f.core.internal.command.DbMigrate - outOfOrder mode is active. Migration of schema "public" may not be reproducible.
2026-07-20 09:57:48.090 [restartedMain] INFO  o.f.core.internal.command.DbMigrate - Schema "public" is up to date. No migration necessary.
2026-07-20 09:57:48.218 [restartedMain] INFO  o.h.jpa.internal.util.LogHelper - HHH000204: Processing PersistenceUnitInfo [name: default]
2026-07-20 09:57:48.325 [restartedMain] INFO  org.hibernate.Version - HHH000412: Hibernate ORM core version 6.3.1.Final
2026-07-20 09:57:48.377 [restartedMain] INFO  o.h.c.i.RegionFactoryInitiator - HHH000026: Second-level cache disabled
2026-07-20 09:57:48.778 [restartedMain] INFO  o.s.o.j.p.SpringPersistenceUnitInfo - No LoadTimeWeaver setup: ignoring JPA class transformer
2026-07-20 09:57:50.582 [restartedMain] INFO  o.h.e.t.j.p.i.JtaPlatformInitiator - HHH000489: No JTA platform available (set 'hibernate.transaction.jta.platform' to enable JTA platform integration)
2026-07-20 09:57:50.586 [restartedMain] INFO  o.s.o.j.LocalContainerEntityManagerFactoryBean - Initialized JPA EntityManagerFactory for persistence unit 'default'
2026-07-20 09:57:51.075 [restartedMain] INFO  o.s.d.j.r.query.QueryEnhancerFactory - Hibernate is in classpath; If applicable, HQL parser will be used.
2026-07-20 09:57:51.641 [restartedMain] DEBUG c.e.a.a.s.JwtAuthenticationFilter - Filter 'jwtAuthenticationFilter' configured for use
2026-07-20 09:57:54.427 [restartedMain] WARN  o.s.b.a.o.j.JpaBaseConfiguration$JpaWebConfiguration - spring.jpa.open-in-view is enabled by default. Therefore, database queries may be performed during view rendering. Explicitly configure spring.jpa.open-in-view to disable this warning
2026-07-20 09:57:54.844 [restartedMain] INFO  o.s.s.web.DefaultSecurityFilterChain - Will secure any request with [org.springframework.security.web.session.DisableEncodeUrlFilter@60fdbec7, org.springframework.security.web.context.request.async.WebAsyncManagerIntegrationFilter@54d7c16d, org.springframework.security.web.context.SecurityContextHolderFilter@55fdcae7, org.springframework.security.web.header.HeaderWriterFilter@21578134, org.springframework.security.web.authentication.logout.LogoutFilter@1dbd210e, com.example.auth_system.auth.security.JwtAuthenticationFilter@4dcab331, org.springframework.security.web.savedrequest.RequestCacheAwareFilter@113150ef, org.springframework.security.web.servletapi.SecurityContextHolderAwareRequestFilter@488d4a8a, org.springframework.security.web.authentication.AnonymousAuthenticationFilter@568356ba, org.springframework.security.web.session.SessionManagementFilter@7cfd85ff, org.springframework.security.web.access.ExceptionTranslationFilter@42e7ee10, org.springframework.security.web.access.intercept.AuthorizationFilter@1174bd48]
2026-07-20 09:57:55.503 [restartedMain] INFO  o.s.b.d.a.OptionalLiveReloadServer - LiveReload server is running on port 35729
2026-07-20 09:57:55.563 [restartedMain] INFO  o.s.b.w.e.tomcat.TomcatWebServer - Tomcat started on port 8080 (http) with context path ''
2026-07-20 09:57:55.576 [restartedMain] INFO  c.e.a.AuthSystemApplication - Started AuthSystemApplication in 11.094 seconds (process running for 11.801)
2026-07-20 09:57:55.740 [restartedMain] DEBUG org.hibernate.SQL - 
    select
        u1_0.id,
        u1_0.created_at,
        u1_0.email,
        u1_0.email_verified,
        u1_0.enabled,
        u1_0.first_name,
        u1_0.last_login_at,
        u1_0.last_name,
        u1_0.password,
        u1_0.store_id,
        u1_0.updated_at,
        u1_0.username 
    from
        users u1_0 
    where
        u1_0.email=?
2026-07-20 09:57:55.780 [restartedMain] DEBUG org.hibernate.SQL - 
    select
        r1_0.user_id,
        r1_1.id,
        r1_1.name,
        p1_0.role_id,
        p1_1.id,
        p1_1.created_at,
        p1_1.description,
        p1_1.name 
    from
        user_roles r1_0 
    join
        roles r1_1 
            on r1_1.id=r1_0.role_id 
    left join
        (role_permissions p1_0 
    join
        permissions p1_1 
            on p1_1.id=p1_0.permission_id) 
        on r1_1.id=p1_0.role_id 
    where
        r1_0.user_id=?
2026-07-20 09:57:55.794 [restartedMain] DEBUG org.hibernate.SQL - 
    select
        p1_0.role_id,
        p1_1.id,
        p1_1.created_at,
        p1_1.description,
        p1_1.name 
    from
        role_permissions p1_0 
    join
        permissions p1_1 
            on p1_1.id=p1_0.permission_id 
    where
        p1_0.role_id=?
2026-07-20 10:58:44.285 [File Watcher] INFO  o.s.b.d.a.LocalDevToolsAutoConfiguration$RestartingClassPathChangeChangedEventListener - Restarting due to 1 class path change (1 addition, 0 deletions, 0 modifications)
2026-07-20 10:58:44.335 [Thread-5] INFO  o.s.o.j.LocalContainerEntityManagerFactoryBean - Closing JPA EntityManagerFactory for persistence unit 'default'
2026-07-20 10:58:44.351 [Thread-5] INFO  com.zaxxer.hikari.HikariDataSource - HikariPool-1 - Shutdown initiated...
2026-07-20 10:58:44.355 [Thread-5] INFO  com.zaxxer.hikari.HikariDataSource - HikariPool-1 - Shutdown completed.
2026-07-20 10:58:44.547 [restartedMain] INFO  c.e.a.AuthSystemApplication - Starting AuthSystemApplication using Java 21.0.11 with PID 3884 (C:\Users\hp\Desktop\Ei Khaing Soe\auth-system\auth-system\target\classes started by hp in C:\Users\hp\Desktop\Ei Khaing Soe\auth-system\auth-system)
2026-07-20 10:58:44.548 [restartedMain] DEBUG c.e.a.AuthSystemApplication - Running with Spring Boot v3.2.0, Spring v6.1.1
2026-07-20 10:58:44.548 [restartedMain] INFO  c.e.a.AuthSystemApplication - No active profile set, falling back to 1 default profile: "default"
2026-07-20 10:58:45.014 [restartedMain] INFO  o.s.d.r.c.RepositoryConfigurationDelegate - Bootstrapping Spring Data JPA repositories in DEFAULT mode.
2026-07-20 10:58:45.161 [restartedMain] INFO  o.s.d.r.c.RepositoryConfigurationDelegate - Finished Spring Data repository scanning in 146 ms. Found 30 JPA repository interfaces.
2026-07-20 10:58:45.484 [restartedMain] INFO  o.s.b.w.e.tomcat.TomcatWebServer - Tomcat initialized with port 8080 (http)
2026-07-20 10:58:45.486 [restartedMain] INFO  o.a.catalina.core.StandardService - Starting service [Tomcat]
2026-07-20 10:58:45.486 [restartedMain] INFO  o.a.catalina.core.StandardEngine - Starting Servlet engine: [Apache Tomcat/10.1.16]
2026-07-20 10:58:45.508 [restartedMain] INFO  o.a.c.c.C.[Tomcat].[localhost].[/] - Initializing Spring embedded WebApplicationContext
2026-07-20 10:58:45.509 [restartedMain] INFO  o.s.b.w.s.c.ServletWebServerApplicationContext - Root WebApplicationContext: initialization completed in 958 ms
2026-07-20 10:58:45.577 [restartedMain] INFO  com.zaxxer.hikari.HikariDataSource - HikariPool-2 - Starting...
2026-07-20 10:58:45.619 [restartedMain] INFO  com.zaxxer.hikari.pool.HikariPool - HikariPool-2 - Added connection org.postgresql.jdbc.PgConnection@2ba30a19
2026-07-20 10:58:45.619 [restartedMain] INFO  com.zaxxer.hikari.HikariDataSource - HikariPool-2 - Start completed.
2026-07-20 10:58:45.633 [restartedMain] INFO  org.flywaydb.core.FlywayExecutor - Database: jdbc:postgresql://localhost:5432/auth-db (PostgreSQL 18.4)
2026-07-20 10:58:45.635 [restartedMain] WARN  o.f.c.i.database.base.Database - Flyway upgrade recommended: PostgreSQL 18.4 is newer than this version of Flyway and support has not been tested. The latest supported version of PostgreSQL is 15.
2026-07-20 10:58:45.705 [restartedMain] INFO  o.f.core.internal.command.DbMigrate - Current version of schema "public": 32
2026-07-20 10:58:45.705 [restartedMain] WARN  o.f.core.internal.command.DbMigrate - outOfOrder mode is active. Migration of schema "public" may not be reproducible.
2026-07-20 10:58:45.706 [restartedMain] INFO  o.f.core.internal.command.DbMigrate - Schema "public" is up to date. No migration necessary.
2026-07-20 10:58:45.744 [restartedMain] INFO  o.h.jpa.internal.util.LogHelper - HHH000204: Processing PersistenceUnitInfo [name: default]
2026-07-20 10:58:45.748 [restartedMain] INFO  o.h.c.i.RegionFactoryInitiator - HHH000026: Second-level cache disabled
2026-07-20 10:58:45.764 [restartedMain] INFO  o.s.o.j.p.SpringPersistenceUnitInfo - No LoadTimeWeaver setup: ignoring JPA class transformer
2026-07-20 10:58:46.270 [restartedMain] INFO  o.h.e.t.j.p.i.JtaPlatformInitiator - HHH000489: No JTA platform available (set 'hibernate.transaction.jta.platform' to enable JTA platform integration)
2026-07-20 10:58:46.271 [restartedMain] INFO  o.s.o.j.LocalContainerEntityManagerFactoryBean - Initialized JPA EntityManagerFactory for persistence unit 'default'
2026-07-20 10:58:46.399 [restartedMain] DEBUG c.e.a.a.s.JwtAuthenticationFilter - Filter 'jwtAuthenticationFilter' configured for use
2026-07-20 10:58:48.350 [restartedMain] WARN  o.s.b.a.o.j.JpaBaseConfiguration$JpaWebConfiguration - spring.jpa.open-in-view is enabled by default. Therefore, database queries may be performed during view rendering. Explicitly configure spring.jpa.open-in-view to disable this warning
2026-07-20 10:58:48.491 [restartedMain] INFO  o.s.s.web.DefaultSecurityFilterChain - Will secure any request with [org.springframework.security.web.session.DisableEncodeUrlFilter@239a06c2, org.springframework.security.web.context.request.async.WebAsyncManagerIntegrationFilter@36167c92, org.springframework.security.web.context.SecurityContextHolderFilter@7ea1b2ce, org.springframework.security.web.header.HeaderWriterFilter@11545a98, org.springframework.security.web.authentication.logout.LogoutFilter@5ce59ac9, com.example.auth_system.auth.security.JwtAuthenticationFilter@53906bed, org.springframework.security.web.savedrequest.RequestCacheAwareFilter@20aaf3f2, org.springframework.security.web.servletapi.SecurityContextHolderAwareRequestFilter@1399ede5, org.springframework.security.web.authentication.AnonymousAuthenticationFilter@2e8f8ab1, org.springframework.security.web.session.SessionManagementFilter@7189a1b6, org.springframework.security.web.access.ExceptionTranslationFilter@a4a83f3, org.springframework.security.web.access.intercept.AuthorizationFilter@53d9eda2]
2026-07-20 10:58:48.733 [restartedMain] INFO  o.s.b.d.a.OptionalLiveReloadServer - LiveReload server is running on port 35729
2026-07-20 10:58:48.754 [restartedMain] INFO  o.s.b.w.e.tomcat.TomcatWebServer - Tomcat started on port 8080 (http) with context path ''
2026-07-20 10:58:48.760 [restartedMain] INFO  c.e.a.AuthSystemApplication - Started AuthSystemApplication in 4.253 seconds (process running for 3664.986)
2026-07-20 10:58:48.809 [restartedMain] DEBUG org.hibernate.SQL - 
    select
        u1_0.id,
        u1_0.created_at,
        u1_0.email,
        u1_0.email_verified,
        u1_0.enabled,
        u1_0.first_name,
        u1_0.last_login_at,
        u1_0.last_name,
        u1_0.password,
        u1_0.store_id,
        u1_0.updated_at,
        u1_0.username 
    from
        users u1_0 
    where
        u1_0.email=?
2026-07-20 10:58:48.814 [restartedMain] DEBUG org.hibernate.SQL - 
    select
        r1_0.user_id,
        r1_1.id,
        r1_1.name,
        p1_0.role_id,
        p1_1.id,
        p1_1.created_at,
        p1_1.description,
        p1_1.name 
    from
        user_roles r1_0 
    join
        roles r1_1 
            on r1_1.id=r1_0.role_id 
    left join
        (role_permissions p1_0 
    join
        permissions p1_1 
            on p1_1.id=p1_0.permission_id) 
        on r1_1.id=p1_0.role_id 
    where
        r1_0.user_id=?
2026-07-20 10:58:48.831 [restartedMain] DEBUG org.hibernate.SQL - 
    select
        p1_0.role_id,
        p1_1.id,
        p1_1.created_at,
        p1_1.description,
        p1_1.name 
    from
        role_permissions p1_0 
    join
        permissions p1_1 
            on p1_1.id=p1_0.permission_id 
    where
        p1_0.role_id=?
2026-07-20 10:58:48.838 [restartedMain] INFO  o.s.b.d.a.ConditionEvaluationDeltaLoggingListener - Condition evaluation unchanged
2026-07-20 10:59:01.306 [File Watcher] INFO  o.s.b.d.a.LocalDevToolsAutoConfiguration$RestartingClassPathChangeChangedEventListener - Restarting due to 1 class path change (1 addition, 0 deletions, 0 modifications)
2026-07-20 10:59:01.316 [Thread-7] INFO  o.s.o.j.LocalContainerEntityManagerFactoryBean - Closing JPA EntityManagerFactory for persistence unit 'default'
2026-07-20 10:59:01.318 [Thread-7] INFO  com.zaxxer.hikari.HikariDataSource - HikariPool-2 - Shutdown initiated...
2026-07-20 10:59:01.320 [Thread-7] INFO  com.zaxxer.hikari.HikariDataSource - HikariPool-2 - Shutdown completed.
2026-07-20 10:59:01.439 [restartedMain] INFO  c.e.a.AuthSystemApplication - Starting AuthSystemApplication using Java 21.0.11 with PID 3884 (C:\Users\hp\Desktop\Ei Khaing Soe\auth-system\auth-system\target\classes started by hp in C:\Users\hp\Desktop\Ei Khaing Soe\auth-system\auth-system)
2026-07-20 10:59:01.439 [restartedMain] DEBUG c.e.a.AuthSystemApplication - Running with Spring Boot v3.2.0, Spring v6.1.1
2026-07-20 10:59:01.439 [restartedMain] INFO  c.e.a.AuthSystemApplication - No active profile set, falling back to 1 default profile: "default"
2026-07-20 10:59:01.799 [restartedMain] INFO  o.s.d.r.c.RepositoryConfigurationDelegate - Bootstrapping Spring Data JPA repositories in DEFAULT mode.
2026-07-20 10:59:01.923 [restartedMain] INFO  o.s.d.r.c.RepositoryConfigurationDelegate - Finished Spring Data repository scanning in 123 ms. Found 30 JPA repository interfaces.
2026-07-20 10:59:02.101 [restartedMain] INFO  o.s.b.w.e.tomcat.TomcatWebServer - Tomcat initialized with port 8080 (http)
2026-07-20 10:59:02.103 [restartedMain] INFO  o.a.catalina.core.StandardService - Starting service [Tomcat]
2026-07-20 10:59:02.103 [restartedMain] INFO  o.a.catalina.core.StandardEngine - Starting Servlet engine: [Apache Tomcat/10.1.16]
2026-07-20 10:59:02.123 [restartedMain] INFO  o.a.c.c.C.[Tomcat].[localhost].[/] - Initializing Spring embedded WebApplicationContext
2026-07-20 10:59:02.124 [restartedMain] INFO  o.s.b.w.s.c.ServletWebServerApplicationContext - Root WebApplicationContext: initialization completed in 682 ms
2026-07-20 10:59:02.187 [restartedMain] INFO  com.zaxxer.hikari.HikariDataSource - HikariPool-3 - Starting...
2026-07-20 10:59:02.229 [restartedMain] INFO  com.zaxxer.hikari.pool.HikariPool - HikariPool-3 - Added connection org.postgresql.jdbc.PgConnection@ff5afd4
2026-07-20 10:59:02.230 [restartedMain] INFO  com.zaxxer.hikari.HikariDataSource - HikariPool-3 - Start completed.
2026-07-20 10:59:02.244 [restartedMain] INFO  org.flywaydb.core.FlywayExecutor - Database: jdbc:postgresql://localhost:5432/auth-db (PostgreSQL 18.4)
2026-07-20 10:59:02.247 [restartedMain] WARN  o.f.c.i.database.base.Database - Flyway upgrade recommended: PostgreSQL 18.4 is newer than this version of Flyway and support has not been tested. The latest supported version of PostgreSQL is 15.
2026-07-20 10:59:02.311 [restartedMain] INFO  o.f.core.internal.command.DbMigrate - Current version of schema "public": 32
2026-07-20 10:59:02.312 [restartedMain] WARN  o.f.core.internal.command.DbMigrate - outOfOrder mode is active. Migration of schema "public" may not be reproducible.
2026-07-20 10:59:02.312 [restartedMain] INFO  o.f.core.internal.command.DbMigrate - Schema "public" is up to date. No migration necessary.
2026-07-20 10:59:02.348 [restartedMain] INFO  o.h.jpa.internal.util.LogHelper - HHH000204: Processing PersistenceUnitInfo [name: default]
2026-07-20 10:59:02.351 [restartedMain] INFO  o.h.c.i.RegionFactoryInitiator - HHH000026: Second-level cache disabled
2026-07-20 10:59:02.364 [restartedMain] INFO  o.s.o.j.p.SpringPersistenceUnitInfo - No LoadTimeWeaver setup: ignoring JPA class transformer
2026-07-20 10:59:02.708 [restartedMain] INFO  o.h.e.t.j.p.i.JtaPlatformInitiator - HHH000489: No JTA platform available (set 'hibernate.transaction.jta.platform' to enable JTA platform integration)
2026-07-20 10:59:02.709 [restartedMain] INFO  o.s.o.j.LocalContainerEntityManagerFactoryBean - Initialized JPA EntityManagerFactory for persistence unit 'default'
2026-07-20 10:59:02.845 [restartedMain] DEBUG c.e.a.a.s.JwtAuthenticationFilter - Filter 'jwtAuthenticationFilter' configured for use
2026-07-20 10:59:04.376 [restartedMain] WARN  o.s.b.a.o.j.JpaBaseConfiguration$JpaWebConfiguration - spring.jpa.open-in-view is enabled by default. Therefore, database queries may be performed during view rendering. Explicitly configure spring.jpa.open-in-view to disable this warning
2026-07-20 10:59:04.519 [restartedMain] INFO  o.s.s.web.DefaultSecurityFilterChain - Will secure any request with [org.springframework.security.web.session.DisableEncodeUrlFilter@45329dd3, org.springframework.security.web.context.request.async.WebAsyncManagerIntegrationFilter@4b70d74d, org.springframework.security.web.context.SecurityContextHolderFilter@2b03d373, org.springframework.security.web.header.HeaderWriterFilter@4f6dc4cb, org.springframework.security.web.authentication.logout.LogoutFilter@673d2e26, com.example.auth_system.auth.security.JwtAuthenticationFilter@71340aa2, org.springframework.security.web.savedrequest.RequestCacheAwareFilter@57f46bed, org.springframework.security.web.servletapi.SecurityContextHolderAwareRequestFilter@761ea644, org.springframework.security.web.authentication.AnonymousAuthenticationFilter@4cc41fee, org.springframework.security.web.session.SessionManagementFilter@1c0705ae, org.springframework.security.web.access.ExceptionTranslationFilter@13bde6d8, org.springframework.security.web.access.intercept.AuthorizationFilter@104d2291]
2026-07-20 10:59:04.682 [restartedMain] INFO  o.s.b.d.a.OptionalLiveReloadServer - LiveReload server is running on port 35729
2026-07-20 10:59:04.694 [restartedMain] INFO  o.s.b.w.e.tomcat.TomcatWebServer - Tomcat started on port 8080 (http) with context path ''
2026-07-20 10:59:04.697 [restartedMain] INFO  c.e.a.AuthSystemApplication - Started AuthSystemApplication in 3.294 seconds (process running for 3680.922)
2026-07-20 10:59:04.721 [restartedMain] DEBUG org.hibernate.SQL - 
    select
        u1_0.id,
        u1_0.created_at,
        u1_0.email,
        u1_0.email_verified,
        u1_0.enabled,
        u1_0.first_name,
        u1_0.last_login_at,
        u1_0.last_name,
        u1_0.password,
        u1_0.store_id,
        u1_0.updated_at,
        u1_0.username 
    from
        users u1_0 
    where
        u1_0.email=?
2026-07-20 10:59:04.725 [restartedMain] DEBUG org.hibernate.SQL - 
    select
        r1_0.user_id,
        r1_1.id,
        r1_1.name,
        p1_0.role_id,
        p1_1.id,
        p1_1.created_at,
        p1_1.description,
        p1_1.name 
    from
        user_roles r1_0 
    join
        roles r1_1 
            on r1_1.id=r1_0.role_id 
    left join
        (role_permissions p1_0 
    join
        permissions p1_1 
            on p1_1.id=p1_0.permission_id) 
        on r1_1.id=p1_0.role_id 
    where
        r1_0.user_id=?
2026-07-20 10:59:04.737 [restartedMain] DEBUG org.hibernate.SQL - 
    select
        p1_0.role_id,
        p1_1.id,
        p1_1.created_at,
        p1_1.description,
        p1_1.name 
    from
        role_permissions p1_0 
    join
        permissions p1_1 
            on p1_1.id=p1_0.permission_id 
    where
        p1_0.role_id=?
2026-07-20 10:59:04.740 [restartedMain] INFO  o.s.b.d.a.ConditionEvaluationDeltaLoggingListener - Condition evaluation unchanged
2026-07-20 10:59:34.151 [File Watcher] INFO  o.s.b.d.a.LocalDevToolsAutoConfiguration$RestartingClassPathChangeChangedEventListener - Restarting due to 1 class path change (1 addition, 0 deletions, 0 modifications)
2026-07-20 10:59:34.169 [Thread-11] INFO  o.s.o.j.LocalContainerEntityManagerFactoryBean - Closing JPA EntityManagerFactory for persistence unit 'default'
2026-07-20 10:59:34.171 [Thread-11] INFO  com.zaxxer.hikari.HikariDataSource - HikariPool-3 - Shutdown initiated...
2026-07-20 10:59:34.173 [Thread-11] INFO  com.zaxxer.hikari.HikariDataSource - HikariPool-3 - Shutdown completed.
2026-07-20 10:59:34.303 [restartedMain] INFO  c.e.a.AuthSystemApplication - Starting AuthSystemApplication using Java 21.0.11 with PID 3884 (C:\Users\hp\Desktop\Ei Khaing Soe\auth-system\auth-system\target\classes started by hp in C:\Users\hp\Desktop\Ei Khaing Soe\auth-system\auth-system)
2026-07-20 10:59:34.303 [restartedMain] DEBUG c.e.a.AuthSystemApplication - Running with Spring Boot v3.2.0, Spring v6.1.1
2026-07-20 10:59:34.304 [restartedMain] INFO  c.e.a.AuthSystemApplication - No active profile set, falling back to 1 default profile: "default"
2026-07-20 10:59:34.665 [restartedMain] INFO  o.s.d.r.c.RepositoryConfigurationDelegate - Bootstrapping Spring Data JPA repositories in DEFAULT mode.
2026-07-20 10:59:34.760 [restartedMain] INFO  o.s.d.r.c.RepositoryConfigurationDelegate - Finished Spring Data repository scanning in 94 ms. Found 30 JPA repository interfaces.
2026-07-20 10:59:34.922 [restartedMain] INFO  o.s.b.w.e.tomcat.TomcatWebServer - Tomcat initialized with port 8080 (http)
2026-07-20 10:59:34.923 [restartedMain] INFO  o.a.catalina.core.StandardService - Starting service [Tomcat]
2026-07-20 10:59:34.923 [restartedMain] INFO  o.a.catalina.core.StandardEngine - Starting Servlet engine: [Apache Tomcat/10.1.16]
2026-07-20 10:59:34.946 [restartedMain] INFO  o.a.c.c.C.[Tomcat].[localhost].[/] - Initializing Spring embedded WebApplicationContext
2026-07-20 10:59:34.946 [restartedMain] INFO  o.s.b.w.s.c.ServletWebServerApplicationContext - Root WebApplicationContext: initialization completed in 640 ms
2026-07-20 10:59:35.006 [restartedMain] INFO  com.zaxxer.hikari.HikariDataSource - HikariPool-4 - Starting...
2026-07-20 10:59:35.048 [restartedMain] INFO  com.zaxxer.hikari.pool.HikariPool - HikariPool-4 - Added connection org.postgresql.jdbc.PgConnection@31bdf756
2026-07-20 10:59:35.048 [restartedMain] INFO  com.zaxxer.hikari.HikariDataSource - HikariPool-4 - Start completed.
2026-07-20 10:59:35.065 [restartedMain] INFO  org.flywaydb.core.FlywayExecutor - Database: jdbc:postgresql://localhost:5432/auth-db (PostgreSQL 18.4)
2026-07-20 10:59:35.066 [restartedMain] WARN  o.f.c.i.database.base.Database - Flyway upgrade recommended: PostgreSQL 18.4 is newer than this version of Flyway and support has not been tested. The latest supported version of PostgreSQL is 15.
2026-07-20 10:59:35.139 [restartedMain] INFO  o.f.core.internal.command.DbMigrate - Current version of schema "public": 32
2026-07-20 10:59:35.139 [restartedMain] WARN  o.f.core.internal.command.DbMigrate - outOfOrder mode is active. Migration of schema "public" may not be reproducible.
2026-07-20 10:59:35.140 [restartedMain] INFO  o.f.core.internal.command.DbMigrate - Schema "public" is up to date. No migration necessary.
2026-07-20 10:59:35.196 [restartedMain] INFO  o.h.jpa.internal.util.LogHelper - HHH000204: Processing PersistenceUnitInfo [name: default]
2026-07-20 10:59:35.200 [restartedMain] INFO  o.h.c.i.RegionFactoryInitiator - HHH000026: Second-level cache disabled
2026-07-20 10:59:35.217 [restartedMain] INFO  o.s.o.j.p.SpringPersistenceUnitInfo - No LoadTimeWeaver setup: ignoring JPA class transformer
2026-07-20 10:59:35.673 [restartedMain] INFO  o.h.e.t.j.p.i.JtaPlatformInitiator - HHH000489: No JTA platform available (set 'hibernate.transaction.jta.platform' to enable JTA platform integration)
2026-07-20 10:59:35.674 [restartedMain] INFO  o.s.o.j.LocalContainerEntityManagerFactoryBean - Initialized JPA EntityManagerFactory for persistence unit 'default'
2026-07-20 10:59:35.813 [restartedMain] DEBUG c.e.a.a.s.JwtAuthenticationFilter - Filter 'jwtAuthenticationFilter' configured for use
2026-07-20 10:59:37.269 [restartedMain] WARN  o.s.b.a.o.j.JpaBaseConfiguration$JpaWebConfiguration - spring.jpa.open-in-view is enabled by default. Therefore, database queries may be performed during view rendering. Explicitly configure spring.jpa.open-in-view to disable this warning
2026-07-20 10:59:37.366 [restartedMain] INFO  o.s.s.web.DefaultSecurityFilterChain - Will secure any request with [org.springframework.security.web.session.DisableEncodeUrlFilter@412f8fbe, org.springframework.security.web.context.request.async.WebAsyncManagerIntegrationFilter@71eb791f, org.springframework.security.web.context.SecurityContextHolderFilter@416677c1, org.springframework.security.web.header.HeaderWriterFilter@396a24f9, org.springframework.security.web.authentication.logout.LogoutFilter@13246a1e, com.example.auth_system.auth.security.JwtAuthenticationFilter@7bb001b0, org.springframework.security.web.savedrequest.RequestCacheAwareFilter@76765572, org.springframework.security.web.servletapi.SecurityContextHolderAwareRequestFilter@1e53faa9, org.springframework.security.web.authentication.AnonymousAuthenticationFilter@4d6c44e7, org.springframework.security.web.session.SessionManagementFilter@51f5daf8, org.springframework.security.web.access.ExceptionTranslationFilter@4bcf8d02, org.springframework.security.web.access.intercept.AuthorizationFilter@563a5e31]
2026-07-20 10:59:37.545 [restartedMain] INFO  o.s.b.d.a.OptionalLiveReloadServer - LiveReload server is running on port 35729
2026-07-20 10:59:37.561 [restartedMain] INFO  o.s.b.w.e.tomcat.TomcatWebServer - Tomcat started on port 8080 (http) with context path ''
2026-07-20 10:59:37.563 [restartedMain] INFO  c.e.a.AuthSystemApplication - Started AuthSystemApplication in 3.296 seconds (process running for 3713.789)
2026-07-20 10:59:37.588 [restartedMain] DEBUG org.hibernate.SQL - 
    select
        u1_0.id,
        u1_0.created_at,
        u1_0.email,
        u1_0.email_verified,
        u1_0.enabled,
        u1_0.first_name,
        u1_0.last_login_at,
        u1_0.last_name,
        u1_0.password,
        u1_0.store_id,
        u1_0.updated_at,
        u1_0.username 
    from
        users u1_0 
    where
        u1_0.email=?
2026-07-20 10:59:37.591 [restartedMain] DEBUG org.hibernate.SQL - 
    select
        r1_0.user_id,
        r1_1.id,
        r1_1.name,
        p1_0.role_id,
        p1_1.id,
        p1_1.created_at,
        p1_1.description,
        p1_1.name 
    from
        user_roles r1_0 
    join
        roles r1_1 
            on r1_1.id=r1_0.role_id 
    left join
        (role_permissions p1_0 
    join
        permissions p1_1 
            on p1_1.id=p1_0.permission_id) 
        on r1_1.id=p1_0.role_id 
    where
        r1_0.user_id=?
2026-07-20 10:59:37.599 [restartedMain] DEBUG org.hibernate.SQL - 
    select
        p1_0.role_id,
        p1_1.id,
        p1_1.created_at,
        p1_1.description,
        p1_1.name 
    from
        role_permissions p1_0 
    join
        permissions p1_1 
            on p1_1.id=p1_0.permission_id 
    where
        p1_0.role_id=?
2026-07-20 10:59:37.603 [restartedMain] INFO  o.s.b.d.a.ConditionEvaluationDeltaLoggingListener - Condition evaluation unchanged
2026-07-20 10:59:56.648 [File Watcher] INFO  o.s.b.d.a.LocalDevToolsAutoConfiguration$RestartingClassPathChangeChangedEventListener - Restarting due to 1 class path change (1 addition, 0 deletions, 0 modifications)
2026-07-20 10:59:56.662 [Thread-15] INFO  o.s.o.j.LocalContainerEntityManagerFactoryBean - Closing JPA EntityManagerFactory for persistence unit 'default'
2026-07-20 10:59:56.663 [Thread-15] INFO  com.zaxxer.hikari.HikariDataSource - HikariPool-4 - Shutdown initiated...
2026-07-20 10:59:56.664 [Thread-15] INFO  com.zaxxer.hikari.HikariDataSource - HikariPool-4 - Shutdown completed.
2026-07-20 10:59:56.776 [restartedMain] INFO  c.e.a.AuthSystemApplication - Starting AuthSystemApplication using Java 21.0.11 with PID 3884 (C:\Users\hp\Desktop\Ei Khaing Soe\auth-system\auth-system\target\classes started by hp in C:\Users\hp\Desktop\Ei Khaing Soe\auth-system\auth-system)
2026-07-20 10:59:56.777 [restartedMain] DEBUG c.e.a.AuthSystemApplication - Running with Spring Boot v3.2.0, Spring v6.1.1
2026-07-20 10:59:56.777 [restartedMain] INFO  c.e.a.AuthSystemApplication - No active profile set, falling back to 1 default profile: "default"
2026-07-20 10:59:57.101 [restartedMain] INFO  o.s.d.r.c.RepositoryConfigurationDelegate - Bootstrapping Spring Data JPA repositories in DEFAULT mode.
2026-07-20 10:59:57.247 [restartedMain] INFO  o.s.d.r.c.RepositoryConfigurationDelegate - Finished Spring Data repository scanning in 145 ms. Found 30 JPA repository interfaces.
2026-07-20 10:59:57.485 [restartedMain] INFO  o.s.b.w.e.tomcat.TomcatWebServer - Tomcat initialized with port 8080 (http)
2026-07-20 10:59:57.486 [restartedMain] INFO  o.a.catalina.core.StandardService - Starting service [Tomcat]
2026-07-20 10:59:57.487 [restartedMain] INFO  o.a.catalina.core.StandardEngine - Starting Servlet engine: [Apache Tomcat/10.1.16]
2026-07-20 10:59:57.515 [restartedMain] INFO  o.a.c.c.C.[Tomcat].[localhost].[/] - Initializing Spring embedded WebApplicationContext
2026-07-20 10:59:57.515 [restartedMain] INFO  o.s.b.w.s.c.ServletWebServerApplicationContext - Root WebApplicationContext: initialization completed in 735 ms
2026-07-20 10:59:57.578 [restartedMain] INFO  com.zaxxer.hikari.HikariDataSource - HikariPool-5 - Starting...
2026-07-20 10:59:57.640 [restartedMain] INFO  com.zaxxer.hikari.pool.HikariPool - HikariPool-5 - Added connection org.postgresql.jdbc.PgConnection@74f84085
2026-07-20 10:59:57.640 [restartedMain] INFO  com.zaxxer.hikari.HikariDataSource - HikariPool-5 - Start completed.
2026-07-20 10:59:57.656 [restartedMain] INFO  org.flywaydb.core.FlywayExecutor - Database: jdbc:postgresql://localhost:5432/auth-db (PostgreSQL 18.4)
2026-07-20 10:59:57.659 [restartedMain] WARN  o.f.c.i.database.base.Database - Flyway upgrade recommended: PostgreSQL 18.4 is newer than this version of Flyway and support has not been tested. The latest supported version of PostgreSQL is 15.
2026-07-20 10:59:57.726 [restartedMain] INFO  o.f.core.internal.command.DbMigrate - Current version of schema "public": 32
2026-07-20 10:59:57.726 [restartedMain] WARN  o.f.core.internal.command.DbMigrate - outOfOrder mode is active. Migration of schema "public" may not be reproducible.
2026-07-20 10:59:57.726 [restartedMain] INFO  o.f.core.internal.command.DbMigrate - Schema "public" is up to date. No migration necessary.
2026-07-20 10:59:57.763 [restartedMain] INFO  o.h.jpa.internal.util.LogHelper - HHH000204: Processing PersistenceUnitInfo [name: default]
2026-07-20 10:59:57.765 [restartedMain] INFO  o.h.c.i.RegionFactoryInitiator - HHH000026: Second-level cache disabled
2026-07-20 10:59:57.778 [restartedMain] INFO  o.s.o.j.p.SpringPersistenceUnitInfo - No LoadTimeWeaver setup: ignoring JPA class transformer
2026-07-20 10:59:58.211 [restartedMain] INFO  o.h.e.t.j.p.i.JtaPlatformInitiator - HHH000489: No JTA platform available (set 'hibernate.transaction.jta.platform' to enable JTA platform integration)
2026-07-20 10:59:58.212 [restartedMain] INFO  o.s.o.j.LocalContainerEntityManagerFactoryBean - Initialized JPA EntityManagerFactory for persistence unit 'default'
2026-07-20 10:59:58.351 [restartedMain] DEBUG c.e.a.a.s.JwtAuthenticationFilter - Filter 'jwtAuthenticationFilter' configured for use
2026-07-20 10:59:59.894 [restartedMain] WARN  o.s.b.a.o.j.JpaBaseConfiguration$JpaWebConfiguration - spring.jpa.open-in-view is enabled by default. Therefore, database queries may be performed during view rendering. Explicitly configure spring.jpa.open-in-view to disable this warning
2026-07-20 11:00:00.032 [restartedMain] INFO  o.s.s.web.DefaultSecurityFilterChain - Will secure any request with [org.springframework.security.web.session.DisableEncodeUrlFilter@16584e3a, org.springframework.security.web.context.request.async.WebAsyncManagerIntegrationFilter@3d96ae4, org.springframework.security.web.context.SecurityContextHolderFilter@202d8ec2, org.springframework.security.web.header.HeaderWriterFilter@e320649, org.springframework.security.web.authentication.logout.LogoutFilter@1d411ab7, com.example.auth_system.auth.security.JwtAuthenticationFilter@2c280bf5, org.springframework.security.web.savedrequest.RequestCacheAwareFilter@4e3bb7f, org.springframework.security.web.servletapi.SecurityContextHolderAwareRequestFilter@1afdf5e4, org.springframework.security.web.authentication.AnonymousAuthenticationFilter@4af71c6, org.springframework.security.web.session.SessionManagementFilter@233d1bb9, org.springframework.security.web.access.ExceptionTranslationFilter@af5d3f3, org.springframework.security.web.access.intercept.AuthorizationFilter@71c7e59e]
2026-07-20 11:00:00.218 [restartedMain] INFO  o.s.b.d.a.OptionalLiveReloadServer - LiveReload server is running on port 35729
2026-07-20 11:00:00.230 [restartedMain] INFO  o.s.b.w.e.tomcat.TomcatWebServer - Tomcat started on port 8080 (http) with context path ''
2026-07-20 11:00:00.233 [restartedMain] INFO  c.e.a.AuthSystemApplication - Started AuthSystemApplication in 3.49 seconds (process running for 3736.458)
2026-07-20 11:00:00.257 [restartedMain] DEBUG org.hibernate.SQL - 
    select
        u1_0.id,
        u1_0.created_at,
        u1_0.email,
        u1_0.email_verified,
        u1_0.enabled,
        u1_0.first_name,
        u1_0.last_login_at,
        u1_0.last_name,
        u1_0.password,
        u1_0.store_id,
        u1_0.updated_at,
        u1_0.username 
    from
        users u1_0 
    where
        u1_0.email=?
2026-07-20 11:00:00.262 [restartedMain] DEBUG org.hibernate.SQL - 
    select
        r1_0.user_id,
        r1_1.id,
        r1_1.name,
        p1_0.role_id,
        p1_1.id,
        p1_1.created_at,
        p1_1.description,
        p1_1.name 
    from
        user_roles r1_0 
    join
        roles r1_1 
            on r1_1.id=r1_0.role_id 
    left join
        (role_permissions p1_0 
    join
        permissions p1_1 
            on p1_1.id=p1_0.permission_id) 
        on r1_1.id=p1_0.role_id 
    where
        r1_0.user_id=?
2026-07-20 11:00:00.268 [restartedMain] DEBUG org.hibernate.SQL - 
    select
        p1_0.role_id,
        p1_1.id,
        p1_1.created_at,
        p1_1.description,
        p1_1.name 
    from
        role_permissions p1_0 
    join
        permissions p1_1 
            on p1_1.id=p1_0.permission_id 
    where
        p1_0.role_id=?
2026-07-20 11:00:00.270 [restartedMain] INFO  o.s.b.d.a.ConditionEvaluationDeltaLoggingListener - Condition evaluation unchanged
2026-07-20 11:00:01.865 [File Watcher] INFO  o.s.b.d.a.LocalDevToolsAutoConfiguration$RestartingClassPathChangeChangedEventListener - Restarting due to 1 class path change (1 addition, 0 deletions, 0 modifications)
2026-07-20 11:00:01.881 [Thread-19] INFO  o.s.o.j.LocalContainerEntityManagerFactoryBean - Closing JPA EntityManagerFactory for persistence unit 'default'
2026-07-20 11:00:01.883 [Thread-19] INFO  com.zaxxer.hikari.HikariDataSource - HikariPool-5 - Shutdown initiated...
2026-07-20 11:00:01.885 [Thread-19] INFO  com.zaxxer.hikari.HikariDataSource - HikariPool-5 - Shutdown completed.
2026-07-20 11:00:02.010 [restartedMain] INFO  c.e.a.AuthSystemApplication - Starting AuthSystemApplication using Java 21.0.11 with PID 3884 (C:\Users\hp\Desktop\Ei Khaing Soe\auth-system\auth-system\target\classes started by hp in C:\Users\hp\Desktop\Ei Khaing Soe\auth-system\auth-system)
2026-07-20 11:00:02.011 [restartedMain] DEBUG c.e.a.AuthSystemApplication - Running with Spring Boot v3.2.0, Spring v6.1.1
2026-07-20 11:00:02.011 [restartedMain] INFO  c.e.a.AuthSystemApplication - No active profile set, falling back to 1 default profile: "default"
2026-07-20 11:00:02.353 [restartedMain] INFO  o.s.d.r.c.RepositoryConfigurationDelegate - Bootstrapping Spring Data JPA repositories in DEFAULT mode.
2026-07-20 11:00:02.480 [restartedMain] INFO  o.s.d.r.c.RepositoryConfigurationDelegate - Finished Spring Data repository scanning in 126 ms. Found 30 JPA repository interfaces.
2026-07-20 11:00:02.665 [restartedMain] INFO  o.s.b.w.e.tomcat.TomcatWebServer - Tomcat initialized with port 8080 (http)
2026-07-20 11:00:02.666 [restartedMain] INFO  o.a.catalina.core.StandardService - Starting service [Tomcat]
2026-07-20 11:00:02.667 [restartedMain] INFO  o.a.catalina.core.StandardEngine - Starting Servlet engine: [Apache Tomcat/10.1.16]
2026-07-20 11:00:02.682 [restartedMain] INFO  o.a.c.c.C.[Tomcat].[localhost].[/] - Initializing Spring embedded WebApplicationContext
2026-07-20 11:00:02.682 [restartedMain] INFO  o.s.b.w.s.c.ServletWebServerApplicationContext - Root WebApplicationContext: initialization completed in 669 ms
2026-07-20 11:00:02.724 [restartedMain] INFO  com.zaxxer.hikari.HikariDataSource - HikariPool-6 - Starting...
2026-07-20 11:00:02.788 [restartedMain] INFO  com.zaxxer.hikari.pool.HikariPool - HikariPool-6 - Added connection org.postgresql.jdbc.PgConnection@4ad89cca
2026-07-20 11:00:02.789 [restartedMain] INFO  com.zaxxer.hikari.HikariDataSource - HikariPool-6 - Start completed.
2026-07-20 11:00:02.804 [restartedMain] INFO  org.flywaydb.core.FlywayExecutor - Database: jdbc:postgresql://localhost:5432/auth-db (PostgreSQL 18.4)
2026-07-20 11:00:02.805 [restartedMain] WARN  o.f.c.i.database.base.Database - Flyway upgrade recommended: PostgreSQL 18.4 is newer than this version of Flyway and support has not been tested. The latest supported version of PostgreSQL is 15.
2026-07-20 11:00:02.879 [restartedMain] INFO  o.f.core.internal.command.DbMigrate - Current version of schema "public": 32
2026-07-20 11:00:02.880 [restartedMain] WARN  o.f.core.internal.command.DbMigrate - outOfOrder mode is active. Migration of schema "public" may not be reproducible.
2026-07-20 11:00:02.881 [restartedMain] INFO  o.f.core.internal.command.DbMigrate - Schema "public" is up to date. No migration necessary.
2026-07-20 11:00:02.937 [restartedMain] INFO  o.h.jpa.internal.util.LogHelper - HHH000204: Processing PersistenceUnitInfo [name: default]
2026-07-20 11:00:02.941 [restartedMain] INFO  o.h.c.i.RegionFactoryInitiator - HHH000026: Second-level cache disabled
2026-07-20 11:00:02.958 [restartedMain] INFO  o.s.o.j.p.SpringPersistenceUnitInfo - No LoadTimeWeaver setup: ignoring JPA class transformer
2026-07-20 11:00:03.368 [restartedMain] INFO  o.h.e.t.j.p.i.JtaPlatformInitiator - HHH000489: No JTA platform available (set 'hibernate.transaction.jta.platform' to enable JTA platform integration)
2026-07-20 11:00:03.370 [restartedMain] INFO  o.s.o.j.LocalContainerEntityManagerFactoryBean - Initialized JPA EntityManagerFactory for persistence unit 'default'
2026-07-20 11:00:03.459 [restartedMain] DEBUG c.e.a.a.s.JwtAuthenticationFilter - Filter 'jwtAuthenticationFilter' configured for use
2026-07-20 11:00:05.071 [restartedMain] WARN  o.s.b.a.o.j.JpaBaseConfiguration$JpaWebConfiguration - spring.jpa.open-in-view is enabled by default. Therefore, database queries may be performed during view rendering. Explicitly configure spring.jpa.open-in-view to disable this warning
2026-07-20 11:00:05.225 [restartedMain] INFO  o.s.s.web.DefaultSecurityFilterChain - Will secure any request with [org.springframework.security.web.session.DisableEncodeUrlFilter@110299be, org.springframework.security.web.context.request.async.WebAsyncManagerIntegrationFilter@2f70c7e0, org.springframework.security.web.context.SecurityContextHolderFilter@6e33516b, org.springframework.security.web.header.HeaderWriterFilter@2edc0c12, org.springframework.security.web.authentication.logout.LogoutFilter@61cbe0ee, com.example.auth_system.auth.security.JwtAuthenticationFilter@3f78b595, org.springframework.security.web.savedrequest.RequestCacheAwareFilter@51247301, org.springframework.security.web.servletapi.SecurityContextHolderAwareRequestFilter@1f5659ab, org.springframework.security.web.authentication.AnonymousAuthenticationFilter@151259f0, org.springframework.security.web.session.SessionManagementFilter@5f0aaa3f, org.springframework.security.web.access.ExceptionTranslationFilter@35d14f3b, org.springframework.security.web.access.intercept.AuthorizationFilter@3eb3b367]
2026-07-20 11:00:05.461 [restartedMain] INFO  o.s.b.d.a.OptionalLiveReloadServer - LiveReload server is running on port 35729
2026-07-20 11:00:05.479 [restartedMain] INFO  o.s.b.w.e.tomcat.TomcatWebServer - Tomcat started on port 8080 (http) with context path ''
2026-07-20 11:00:05.483 [restartedMain] INFO  c.e.a.AuthSystemApplication - Started AuthSystemApplication in 3.518 seconds (process running for 3741.708)
2026-07-20 11:00:05.505 [restartedMain] DEBUG org.hibernate.SQL - 
    select
        u1_0.id,
        u1_0.created_at,
        u1_0.email,
        u1_0.email_verified,
        u1_0.enabled,
        u1_0.first_name,
        u1_0.last_login_at,
        u1_0.last_name,
        u1_0.password,
        u1_0.store_id,
        u1_0.updated_at,
        u1_0.username 
    from
        users u1_0 
    where
        u1_0.email=?
2026-07-20 11:00:05.510 [restartedMain] DEBUG org.hibernate.SQL - 
    select
        r1_0.user_id,
        r1_1.id,
        r1_1.name,
        p1_0.role_id,
        p1_1.id,
        p1_1.created_at,
        p1_1.description,
        p1_1.name 
    from
        user_roles r1_0 
    join
        roles r1_1 
            on r1_1.id=r1_0.role_id 
    left join
        (role_permissions p1_0 
    join
        permissions p1_1 
            on p1_1.id=p1_0.permission_id) 
        on r1_1.id=p1_0.role_id 
    where
        r1_0.user_id=?
2026-07-20 11:00:05.515 [restartedMain] DEBUG org.hibernate.SQL - 
    select
        p1_0.role_id,
        p1_1.id,
        p1_1.created_at,
        p1_1.description,
        p1_1.name 
    from
        role_permissions p1_0 
    join
        permissions p1_1 
            on p1_1.id=p1_0.permission_id 
    where
        p1_0.role_id=?
2026-07-20 11:00:05.518 [restartedMain] INFO  o.s.b.d.a.ConditionEvaluationDeltaLoggingListener - Condition evaluation unchanged
2026-07-20 11:00:07.053 [File Watcher] INFO  o.s.b.d.a.LocalDevToolsAutoConfiguration$RestartingClassPathChangeChangedEventListener - Restarting due to 2 class path changes (2 additions, 0 deletions, 0 modifications)
2026-07-20 11:00:07.059 [Thread-23] INFO  o.s.o.j.LocalContainerEntityManagerFactoryBean - Closing JPA EntityManagerFactory for persistence unit 'default'
2026-07-20 11:00:07.060 [Thread-23] INFO  com.zaxxer.hikari.HikariDataSource - HikariPool-6 - Shutdown initiated...
2026-07-20 11:00:07.061 [Thread-23] INFO  com.zaxxer.hikari.HikariDataSource - HikariPool-6 - Shutdown completed.
2026-07-20 11:00:07.176 [restartedMain] INFO  c.e.a.AuthSystemApplication - Starting AuthSystemApplication using Java 21.0.11 with PID 3884 (C:\Users\hp\Desktop\Ei Khaing Soe\auth-system\auth-system\target\classes started by hp in C:\Users\hp\Desktop\Ei Khaing Soe\auth-system\auth-system)
2026-07-20 11:00:07.177 [restartedMain] DEBUG c.e.a.AuthSystemApplication - Running with Spring Boot v3.2.0, Spring v6.1.1
2026-07-20 11:00:07.177 [restartedMain] INFO  c.e.a.AuthSystemApplication - No active profile set, falling back to 1 default profile: "default"
2026-07-20 11:00:07.554 [restartedMain] INFO  o.s.d.r.c.RepositoryConfigurationDelegate - Bootstrapping Spring Data JPA repositories in DEFAULT mode.
2026-07-20 11:00:07.649 [restartedMain] INFO  o.s.d.r.c.RepositoryConfigurationDelegate - Finished Spring Data repository scanning in 93 ms. Found 30 JPA repository interfaces.
2026-07-20 11:00:07.793 [restartedMain] INFO  o.s.b.w.e.tomcat.TomcatWebServer - Tomcat initialized with port 8080 (http)
2026-07-20 11:00:07.794 [restartedMain] INFO  o.a.catalina.core.StandardService - Starting service [Tomcat]
2026-07-20 11:00:07.794 [restartedMain] INFO  o.a.catalina.core.StandardEngine - Starting Servlet engine: [Apache Tomcat/10.1.16]
2026-07-20 11:00:07.812 [restartedMain] INFO  o.a.c.c.C.[Tomcat].[localhost].[/] - Initializing Spring embedded WebApplicationContext
2026-07-20 11:00:07.812 [restartedMain] INFO  o.s.b.w.s.c.ServletWebServerApplicationContext - Root WebApplicationContext: initialization completed in 632 ms
2026-07-20 11:00:07.862 [restartedMain] INFO  com.zaxxer.hikari.HikariDataSource - HikariPool-7 - Starting...
2026-07-20 11:00:07.909 [restartedMain] INFO  com.zaxxer.hikari.pool.HikariPool - HikariPool-7 - Added connection org.postgresql.jdbc.PgConnection@59632408
2026-07-20 11:00:07.909 [restartedMain] INFO  com.zaxxer.hikari.HikariDataSource - HikariPool-7 - Start completed.
2026-07-20 11:00:07.922 [restartedMain] INFO  org.flywaydb.core.FlywayExecutor - Database: jdbc:postgresql://localhost:5432/auth-db (PostgreSQL 18.4)
2026-07-20 11:00:07.924 [restartedMain] WARN  o.f.c.i.database.base.Database - Flyway upgrade recommended: PostgreSQL 18.4 is newer than this version of Flyway and support has not been tested. The latest supported version of PostgreSQL is 15.
2026-07-20 11:00:07.976 [restartedMain] INFO  o.f.core.internal.command.DbMigrate - Current version of schema "public": 32
2026-07-20 11:00:07.976 [restartedMain] WARN  o.f.core.internal.command.DbMigrate - outOfOrder mode is active. Migration of schema "public" may not be reproducible.
2026-07-20 11:00:07.977 [restartedMain] INFO  o.f.core.internal.command.DbMigrate - Schema "public" is up to date. No migration necessary.
2026-07-20 11:00:08.012 [restartedMain] INFO  o.h.jpa.internal.util.LogHelper - HHH000204: Processing PersistenceUnitInfo [name: default]
2026-07-20 11:00:08.015 [restartedMain] INFO  o.h.c.i.RegionFactoryInitiator - HHH000026: Second-level cache disabled
2026-07-20 11:00:08.027 [restartedMain] INFO  o.s.o.j.p.SpringPersistenceUnitInfo - No LoadTimeWeaver setup: ignoring JPA class transformer
2026-07-20 11:00:08.482 [restartedMain] INFO  o.h.e.t.j.p.i.JtaPlatformInitiator - HHH000489: No JTA platform available (set 'hibernate.transaction.jta.platform' to enable JTA platform integration)
2026-07-20 11:00:08.483 [restartedMain] INFO  o.s.o.j.LocalContainerEntityManagerFactoryBean - Initialized JPA EntityManagerFactory for persistence unit 'default'
2026-07-20 11:00:08.618 [restartedMain] DEBUG c.e.a.a.s.JwtAuthenticationFilter - Filter 'jwtAuthenticationFilter' configured for use
2026-07-20 11:00:10.093 [restartedMain] WARN  o.s.b.a.o.j.JpaBaseConfiguration$JpaWebConfiguration - spring.jpa.open-in-view is enabled by default. Therefore, database queries may be performed during view rendering. Explicitly configure spring.jpa.open-in-view to disable this warning
2026-07-20 11:00:10.212 [restartedMain] INFO  o.s.s.web.DefaultSecurityFilterChain - Will secure any request with [org.springframework.security.web.session.DisableEncodeUrlFilter@744c1097, org.springframework.security.web.context.request.async.WebAsyncManagerIntegrationFilter@7f44c5b5, org.springframework.security.web.context.SecurityContextHolderFilter@38b35fde, org.springframework.security.web.header.HeaderWriterFilter@170b1102, org.springframework.security.web.authentication.logout.LogoutFilter@9004073, com.example.auth_system.auth.security.JwtAuthenticationFilter@6ef4482, org.springframework.security.web.savedrequest.RequestCacheAwareFilter@39b0b4a6, org.springframework.security.web.servletapi.SecurityContextHolderAwareRequestFilter@76fc3193, org.springframework.security.web.authentication.AnonymousAuthenticationFilter@495b874, org.springframework.security.web.session.SessionManagementFilter@12b9fee5, org.springframework.security.web.access.ExceptionTranslationFilter@3676ee80, org.springframework.security.web.access.intercept.AuthorizationFilter@22ce1ffe]
2026-07-20 11:00:10.465 [restartedMain] INFO  o.s.b.d.a.OptionalLiveReloadServer - LiveReload server is running on port 35729
2026-07-20 11:00:10.490 [restartedMain] INFO  o.s.b.w.e.tomcat.TomcatWebServer - Tomcat started on port 8080 (http) with context path ''
2026-07-20 11:00:10.495 [restartedMain] INFO  c.e.a.AuthSystemApplication - Started AuthSystemApplication in 3.35 seconds (process running for 3746.721)
2026-07-20 11:00:10.522 [restartedMain] DEBUG org.hibernate.SQL - 
    select
        u1_0.id,
        u1_0.created_at,
        u1_0.email,
        u1_0.email_verified,
        u1_0.enabled,
        u1_0.first_name,
        u1_0.last_login_at,
        u1_0.last_name,
        u1_0.password,
        u1_0.store_id,
        u1_0.updated_at,
        u1_0.username 
    from
        users u1_0 
    where
        u1_0.email=?
2026-07-20 11:00:10.526 [restartedMain] DEBUG org.hibernate.SQL - 
    select
        r1_0.user_id,
        r1_1.id,
        r1_1.name,
        p1_0.role_id,
        p1_1.id,
        p1_1.created_at,
        p1_1.description,
        p1_1.name 
    from
        user_roles r1_0 
    join
        roles r1_1 
            on r1_1.id=r1_0.role_id 
    left join
        (role_permissions p1_0 
    join
        permissions p1_1 
            on p1_1.id=p1_0.permission_id) 
        on r1_1.id=p1_0.role_id 
    where
        r1_0.user_id=?
2026-07-20 11:00:10.531 [restartedMain] DEBUG org.hibernate.SQL - 
    select
        p1_0.role_id,
        p1_1.id,
        p1_1.created_at,
        p1_1.description,
        p1_1.name 
    from
        role_permissions p1_0 
    join
        permissions p1_1 
            on p1_1.id=p1_0.permission_id 
    where
        p1_0.role_id=?
2026-07-20 11:00:10.534 [restartedMain] INFO  o.s.b.d.a.ConditionEvaluationDeltaLoggingListener - Condition evaluation unchanged
2026-07-20 11:00:12.021 [File Watcher] INFO  o.s.b.d.a.LocalDevToolsAutoConfiguration$RestartingClassPathChangeChangedEventListener - Restarting due to 1 class path change (1 addition, 0 deletions, 0 modifications)
2026-07-20 11:00:12.033 [Thread-27] INFO  o.s.o.j.LocalContainerEntityManagerFactoryBean - Closing JPA EntityManagerFactory for persistence unit 'default'
2026-07-20 11:00:12.034 [Thread-27] INFO  com.zaxxer.hikari.HikariDataSource - HikariPool-7 - Shutdown initiated...
2026-07-20 11:00:12.036 [Thread-27] INFO  com.zaxxer.hikari.HikariDataSource - HikariPool-7 - Shutdown completed.
